[DEBUG] [2019-03-11 14:15:31][org.apache.http.client.protocol.RequestAddCookies]CookieSpec selected: default  org.apache.http.client.protocol.RequestAddCookies.process(RequestAddCookies.java:123)
[DEBUG] [2019-03-11 14:15:31][org.apache.http.client.protocol.RequestAuthCache]Auth cache not set in the context  org.apache.http.client.protocol.RequestAuthCache.process(RequestAuthCache.java:77)
[DEBUG] [2019-03-11 14:15:31][org.apache.http.impl.conn.PoolingHttpClientConnectionManager]Connection request: [route: {s}->https://api.mch.weixin.qq.com:443][total kept alive: 0; route allocated: 0 of 2; total allocated: 0 of 20]  org.apache.http.impl.conn.PoolingHttpClientConnectionManager.requestConnection(PoolingHttpClientConnectionManager.java:265)
[DEBUG] [2019-03-11 14:15:31][org.apache.http.impl.conn.PoolingHttpClientConnectionManager]Connection leased: [id: 0][route: {s}->https://api.mch.weixin.qq.com:443][total kept alive: 0; route allocated: 1 of 2; total allocated: 1 of 20]  org.apache.http.impl.conn.PoolingHttpClientConnectionManager.leaseConnection(PoolingHttpClientConnectionManager.java:309)
[DEBUG] [2019-03-11 14:15:31][org.apache.http.impl.execchain.MainClientExec]Opening connection {s}->https://api.mch.weixin.qq.com:443  org.apache.http.impl.execchain.MainClientExec.execute(MainClientExec.java:235)
[DEBUG] [2019-03-11 14:15:31][org.apache.http.impl.conn.DefaultHttpClientConnectionOperator]Connecting to api.mch.weixin.qq.com/123.126.122.46:443  org.apache.http.impl.conn.DefaultHttpClientConnectionOperator.connect(DefaultHttpClientConnectionOperator.java:139)
[DEBUG] [2019-03-11 14:15:31][org.apache.http.conn.ssl.SSLConnectionSocketFactory]Connecting socket to api.mch.weixin.qq.com/123.126.122.46:443 with timeout 0  org.apache.http.conn.ssl.SSLConnectionSocketFactory.connectSocket(SSLConnectionSocketFactory.java:337)
[DEBUG] [2019-03-11 14:15:31][org.apache.http.conn.ssl.SSLConnectionSocketFactory]Enabled protocols: [TLSv1, TLSv1.1, TLSv1.2]  org.apache.http.conn.ssl.SSLConnectionSocketFactory.createLayeredSocket(SSLConnectionSocketFactory.java:390)
[DEBUG] [2019-03-11 14:15:31][org.apache.http.conn.ssl.SSLConnectionSocketFactory]Enabled cipher suites:[TLS_ECDHE_ECDSA_WITH_AES_256_CBC_SHA384, TLS_ECDHE_RSA_WITH_AES_256_CBC_SHA384, TLS_RSA_WITH_AES_256_CBC_SHA256, TLS_ECDH_ECDSA_WITH_AES_256_CBC_SHA384, TLS_ECDH_RSA_WITH_AES_256_CBC_SHA384, TLS_DHE_RSA_WITH_AES_256_CBC_SHA256, TLS_DHE_DSS_WITH_AES_256_CBC_SHA256, TLS_ECDHE_ECDSA_WITH_AES_256_CBC_SHA, TLS_ECDHE_RSA_WITH_AES_256_CBC_SHA, TLS_RSA_WITH_AES_256_CBC_SHA, TLS_ECDH_ECDSA_WITH_AES_256_CBC_SHA, TLS_ECDH_RSA_WITH_AES_256_CBC_SHA, TLS_DHE_RSA_WITH_AES_256_CBC_SHA, TLS_DHE_DSS_WITH_AES_256_CBC_SHA, TLS_ECDHE_ECDSA_WITH_AES_128_CBC_SHA256, TLS_ECDHE_RSA_WITH_AES_128_CBC_SHA256, TLS_RSA_WITH_AES_128_CBC_SHA256, TLS_ECDH_ECDSA_WITH_AES_128_CBC_SHA256, TLS_ECDH_RSA_WITH_AES_128_CBC_SHA256, TLS_DHE_RSA_WITH_AES_128_CBC_SHA256, TLS_DHE_DSS_WITH_AES_128_CBC_SHA256, TLS_ECDHE_ECDSA_WITH_AES_128_CBC_SHA, TLS_ECDHE_RSA_WITH_AES_128_CBC_SHA, TLS_RSA_WITH_AES_128_CBC_SHA, TLS_ECDH_ECDSA_WITH_AES_128_CBC_SHA, TLS_ECDH_RSA_WITH_AES_128_CBC_SHA, TLS_DHE_RSA_WITH_AES_128_CBC_SHA, TLS_DHE_DSS_WITH_AES_128_CBC_SHA, TLS_ECDHE_ECDSA_WITH_AES_256_GCM_SHA384, TLS_ECDHE_ECDSA_WITH_AES_128_GCM_SHA256, TLS_ECDHE_RSA_WITH_AES_256_GCM_SHA384, TLS_RSA_WITH_AES_256_GCM_SHA384, TLS_ECDH_ECDSA_WITH_AES_256_GCM_SHA384, TLS_ECDH_RSA_WITH_AES_256_GCM_SHA384, TLS_DHE_RSA_WITH_AES_256_GCM_SHA384, TLS_DHE_DSS_WITH_AES_256_GCM_SHA384, TLS_ECDHE_RSA_WITH_AES_128_GCM_SHA256, TLS_RSA_WITH_AES_128_GCM_SHA256, TLS_ECDH_ECDSA_WITH_AES_128_GCM_SHA256, TLS_ECDH_RSA_WITH_AES_128_GCM_SHA256, TLS_DHE_RSA_WITH_AES_128_GCM_SHA256, TLS_DHE_DSS_WITH_AES_128_GCM_SHA256, TLS_EMPTY_RENEGOTIATION_INFO_SCSV]  org.apache.http.conn.ssl.SSLConnectionSocketFactory.createLayeredSocket(SSLConnectionSocketFactory.java:391)
[DEBUG] [2019-03-11 14:15:31][org.apache.http.conn.ssl.SSLConnectionSocketFactory]Starting handshake  org.apache.http.conn.ssl.SSLConnectionSocketFactory.createLayeredSocket(SSLConnectionSocketFactory.java:395)
[DEBUG] [2019-03-11 14:15:31][org.apache.http.conn.ssl.SSLConnectionSocketFactory]Secure session established  org.apache.http.conn.ssl.SSLConnectionSocketFactory.verifyHostname(SSLConnectionSocketFactory.java:425)
[DEBUG] [2019-03-11 14:15:31][org.apache.http.conn.ssl.SSLConnectionSocketFactory] negotiated protocol: TLSv1.2  org.apache.http.conn.ssl.SSLConnectionSocketFactory.verifyHostname(SSLConnectionSocketFactory.java:426)
[DEBUG] [2019-03-11 14:15:31][org.apache.http.conn.ssl.SSLConnectionSocketFactory] negotiated cipher suite: TLS_ECDHE_RSA_WITH_AES_256_GCM_SHA384  org.apache.http.conn.ssl.SSLConnectionSocketFactory.verifyHostname(SSLConnectionSocketFactory.java:427)
[DEBUG] [2019-03-11 14:15:31][org.apache.http.conn.ssl.SSLConnectionSocketFactory] peer principal: CN=payapp.weixin.qq.com, OU=R&D, O=Tencent Technology (Shenzhen) Company Limited, L=Shenzhen, ST=Guangdong, C=CN  org.apache.http.conn.ssl.SSLConnectionSocketFactory.verifyHostname(SSLConnectionSocketFactory.java:435)
[DEBUG] [2019-03-11 14:15:31][org.apache.http.conn.ssl.SSLConnectionSocketFactory] peer alternative names: [payapp.weixin.qq.com, api.oz.weixin.qq.com, wx.gtimg.com, log.weixin.qq.com, api.pay.weixin.qq.com, api2.mch.weixin.qq.com, fraudhk.mch.weixin.qq.com, za.pay.wechat.com, fraudus.mch.weixin.qq.com, act.weixin.qq.com, fraud.mch.weixin.qq.com, apihk.mch.weixin.qq.com, mch.weixin.qq.com, api.mch.weixin.qq.com, apius.mch.weixin.qq.com, oz.weixin.qq.com, pay.weops.qq.com, action.weixin.qq.com, apitest.mch.weixin.qq.com, pay.weixin.qq.com]  org.apache.http.conn.ssl.SSLConnectionSocketFactory.verifyHostname(SSLConnectionSocketFactory.java:444)
[DEBUG] [2019-03-11 14:15:31][org.apache.http.conn.ssl.SSLConnectionSocketFactory] issuer principal: CN=GeoTrust RSA CA 2018, OU=www.digicert.com, O=DigiCert Inc, C=US  org.apache.http.conn.ssl.SSLConnectionSocketFactory.verifyHostname(SSLConnectionSocketFactory.java:448)
[DEBUG] [2019-03-11 14:15:31][org.apache.http.impl.conn.DefaultHttpClientConnectionOperator]Connection established 192.168.124.8:57843<->123.126.122.46:443  org.apache.http.impl.conn.DefaultHttpClientConnectionOperator.connect(DefaultHttpClientConnectionOperator.java:146)
[DEBUG] [2019-03-11 14:15:31][org.apache.http.impl.execchain.MainClientExec]Executing request POST /pay/orderquery HTTP/1.1  org.apache.http.impl.execchain.MainClientExec.execute(MainClientExec.java:256)
[DEBUG] [2019-03-11 14:15:31][org.apache.http.impl.execchain.MainClientExec]Target auth state: UNCHALLENGED  org.apache.http.impl.execchain.MainClientExec.execute(MainClientExec.java:261)
[DEBUG] [2019-03-11 14:15:31][org.apache.http.impl.execchain.MainClientExec]Proxy auth state: UNCHALLENGED  org.apache.http.impl.execchain.MainClientExec.execute(MainClientExec.java:267)
[DEBUG] [2019-03-11 14:15:31][org.apache.http.headers]http-outgoing-0 >> POST /pay/orderquery HTTP/1.1  org.apache.http.impl.conn.LoggingManagedHttpClientConnection.onRequestSubmitted(LoggingManagedHttpClientConnection.java:133)
[DEBUG] [2019-03-11 14:15:31][org.apache.http.headers]http-outgoing-0 >> Accept: application/json  org.apache.http.impl.conn.LoggingManagedHttpClientConnection.onRequestSubmitted(LoggingManagedHttpClientConnection.java:136)
[DEBUG] [2019-03-11 14:15:31][org.apache.http.headers]http-outgoing-0 >> Content-Type: application/x-www-form-urlencoded;charset=UTF-8  org.apache.http.impl.conn.LoggingManagedHttpClientConnection.onRequestSubmitted(LoggingManagedHttpClientConnection.java:136)
[DEBUG] [2019-03-11 14:15:31][org.apache.http.headers]http-outgoing-0 >> User-Agent: Mozilla/5.0 (Windows; U; Windows NT 5.1; en-US; rv:1.7.6)  org.apache.http.impl.conn.LoggingManagedHttpClientConnection.onRequestSubmitted(LoggingManagedHttpClientConnection.java:136)
[DEBUG] [2019-03-11 14:15:31][org.apache.http.headers]http-outgoing-0 >> Content-Length: 335  org.apache.http.impl.conn.LoggingManagedHttpClientConnection.onRequestSubmitted(LoggingManagedHttpClientConnection.java:136)
[DEBUG] [2019-03-11 14:15:31][org.apache.http.headers]http-outgoing-0 >> Host: api.mch.weixin.qq.com  org.apache.http.impl.conn.LoggingManagedHttpClientConnection.onRequestSubmitted(LoggingManagedHttpClientConnection.java:136)
[DEBUG] [2019-03-11 14:15:31][org.apache.http.headers]http-outgoing-0 >> Connection: Keep-Alive  org.apache.http.impl.conn.LoggingManagedHttpClientConnection.onRequestSubmitted(LoggingManagedHttpClientConnection.java:136)
[DEBUG] [2019-03-11 14:15:31][org.apache.http.headers]http-outgoing-0 >> Accept-Encoding: gzip,deflate  org.apache.http.impl.conn.LoggingManagedHttpClientConnection.onRequestSubmitted(LoggingManagedHttpClientConnection.java:136)
[DEBUG] [2019-03-11 14:15:31][org.apache.http.wire]http-outgoing-0 >> "POST /pay/orderquery HTTP/1.1[\r][\n]"  org.apache.http.impl.conn.Wire.wire(Wire.java:73)
[DEBUG] [2019-03-11 14:15:31][org.apache.http.wire]http-outgoing-0 >> "Accept: application/json[\r][\n]"  org.apache.http.impl.conn.Wire.wire(Wire.java:73)
[DEBUG] [2019-03-11 14:15:31][org.apache.http.wire]http-outgoing-0 >> "Content-Type: application/x-www-form-urlencoded;charset=UTF-8[\r][\n]"  org.apache.http.impl.conn.Wire.wire(Wire.java:73)
[DEBUG] [2019-03-11 14:15:31][org.apache.http.wire]http-outgoing-0 >> "User-Agent: Mozilla/5.0 (Windows; U; Windows NT 5.1; en-US; rv:1.7.6)[\r][\n]"  org.apache.http.impl.conn.Wire.wire(Wire.java:73)
[DEBUG] [2019-03-11 14:15:31][org.apache.http.wire]http-outgoing-0 >> "Content-Length: 335[\r][\n]"  org.apache.http.impl.conn.Wire.wire(Wire.java:73)
[DEBUG] [2019-03-11 14:15:31][org.apache.http.wire]http-outgoing-0 >> "Host: api.mch.weixin.qq.com[\r][\n]"  org.apache.http.impl.conn.Wire.wire(Wire.java:73)
[DEBUG] [2019-03-11 14:15:31][org.apache.http.wire]http-outgoing-0 >> "Connection: Keep-Alive[\r][\n]"  org.apache.http.impl.conn.Wire.wire(Wire.java:73)
[DEBUG] [2019-03-11 14:15:31][org.apache.http.wire]http-outgoing-0 >> "Accept-Encoding: gzip,deflate[\r][\n]"  org.apache.http.impl.conn.Wire.wire(Wire.java:73)
[DEBUG] [2019-03-11 14:15:31][org.apache.http.wire]http-outgoing-0 >> "[\r][\n]"  org.apache.http.impl.conn.Wire.wire(Wire.java:73)
[DEBUG] [2019-03-11 14:15:31][org.apache.http.wire]http-outgoing-0 >> "<xml><nonce_str>3kG00g7iTjwQnJsynySJhKazn3l</nonce_str><out_trade_no>b4d4bd973ab44336989c88c8c0336cda</out_trade_no><out_refund_no>sdf45fgdg45btr4543c234</out_refund_no><appid>wx0a073be92a917ed3</appid><refund_fee>100</refund_fee><total_fee>1100</total_fee><sign>2D4C006EB3D486E1A945EE4E565B7B4D</sign><mch_id>1494938712</mch_id></xml>"  org.apache.http.impl.conn.Wire.wire(Wire.java:87)
[DEBUG] [2019-03-11 14:15:32][org.apache.http.wire]http-outgoing-0 << "HTTP/1.1 200 OK[\r][\n]"  org.apache.http.impl.conn.Wire.wire(Wire.java:73)
[DEBUG] [2019-03-11 14:15:32][org.apache.http.wire]http-outgoing-0 << "Server: nginx[\r][\n]"  org.apache.http.impl.conn.Wire.wire(Wire.java:73)
[DEBUG] [2019-03-11 14:15:32][org.apache.http.wire]http-outgoing-0 << "Date: Mon, 11 Mar 2019 06:15:32 GMT[\r][\n]"  org.apache.http.impl.conn.Wire.wire(Wire.java:73)
[DEBUG] [2019-03-11 14:15:32][org.apache.http.wire]http-outgoing-0 << "Content-Type: text/plain[\r][\n]"  org.apache.http.impl.conn.Wire.wire(Wire.java:73)
[DEBUG] [2019-03-11 14:15:32][org.apache.http.wire]http-outgoing-0 << "Content-Length: 124[\r][\n]"  org.apache.http.impl.conn.Wire.wire(Wire.java:73)
[DEBUG] [2019-03-11 14:15:32][org.apache.http.wire]http-outgoing-0 << "Connection: keep-alive[\r][\n]"  org.apache.http.impl.conn.Wire.wire(Wire.java:73)
[DEBUG] [2019-03-11 14:15:32][org.apache.http.wire]http-outgoing-0 << "Keep-Alive: timeout=8[\r][\n]"  org.apache.http.impl.conn.Wire.wire(Wire.java:73)
[DEBUG] [2019-03-11 14:15:32][org.apache.http.wire]http-outgoing-0 << "[\r][\n]"  org.apache.http.impl.conn.Wire.wire(Wire.java:73)
[DEBUG] [2019-03-11 14:15:32][org.apache.http.wire]http-outgoing-0 << "<xml><return_code><![CDATA[FAIL]]></return_code>[\n]"  org.apache.http.impl.conn.Wire.wire(Wire.java:73)
[DEBUG] [2019-03-11 14:15:32][org.apache.http.wire]http-outgoing-0 << "<return_msg><![CDATA[[0xe4][0xb8][0x8d][0xe8][0xaf][0x86][0xe5][0x88][0xab][0xe7][0x9a][0x84][0xe5][0x8f][0x82][0xe6][0x95][0xb0]out_refund_no]]></return_msg>[\n]"  org.apache.http.impl.conn.Wire.wire(Wire.java:73)
[DEBUG] [2019-03-11 14:15:32][org.apache.http.wire]http-outgoing-0 << "</xml>"  org.apache.http.impl.conn.Wire.wire(Wire.java:87)
[DEBUG] [2019-03-11 14:15:32][org.apache.http.headers]http-outgoing-0 << HTTP/1.1 200 OK  org.apache.http.impl.conn.LoggingManagedHttpClientConnection.onResponseReceived(LoggingManagedHttpClientConnection.java:122)
[DEBUG] [2019-03-11 14:15:32][org.apache.http.headers]http-outgoing-0 << Server: nginx  org.apache.http.impl.conn.LoggingManagedHttpClientConnection.onResponseReceived(LoggingManagedHttpClientConnection.java:125)
[DEBUG] [2019-03-11 14:15:32][org.apache.http.headers]http-outgoing-0 << Date: Mon, 11 Mar 2019 06:15:32 GMT  org.apache.http.impl.conn.LoggingManagedHttpClientConnection.onResponseReceived(LoggingManagedHttpClientConnection.java:125)
[DEBUG] [2019-03-11 14:15:32][org.apache.http.headers]http-outgoing-0 << Content-Type: text/plain  org.apache.http.impl.conn.LoggingManagedHttpClientConnection.onResponseReceived(LoggingManagedHttpClientConnection.java:125)
[DEBUG] [2019-03-11 14:15:32][org.apache.http.headers]http-outgoing-0 << Content-Length: 124  org.apache.http.impl.conn.LoggingManagedHttpClientConnection.onResponseReceived(LoggingManagedHttpClientConnection.java:125)
[DEBUG] [2019-03-11 14:15:32][org.apache.http.headers]http-outgoing-0 << Connection: keep-alive  org.apache.http.impl.conn.LoggingManagedHttpClientConnection.onResponseReceived(LoggingManagedHttpClientConnection.java:125)
[DEBUG] [2019-03-11 14:15:32][org.apache.http.headers]http-outgoing-0 << Keep-Alive: timeout=8  org.apache.http.impl.conn.LoggingManagedHttpClientConnection.onResponseReceived(LoggingManagedHttpClientConnection.java:125)
[DEBUG] [2019-03-11 14:15:32][org.apache.http.impl.execchain.MainClientExec]Connection can be kept alive for 8000 MILLISECONDS  org.apache.http.impl.execchain.MainClientExec.execute(MainClientExec.java:285)
[DEBUG] [2019-03-11 14:15:32][org.apache.http.impl.conn.PoolingHttpClientConnectionManager]Connection [id: 0][route: {s}->https://api.mch.weixin.qq.com:443] can be kept alive for 8.0 seconds  org.apache.http.impl.conn.PoolingHttpClientConnectionManager.releaseConnection(PoolingHttpClientConnectionManager.java:341)
[DEBUG] [2019-03-11 14:15:32][org.apache.http.impl.conn.DefaultManagedHttpClientConnection]http-outgoing-0: set socket timeout to 0  org.apache.http.impl.conn.LoggingManagedHttpClientConnection.setSocketTimeout(LoggingManagedHttpClientConnection.java:88)
[DEBUG] [2019-03-11 14:15:32][org.apache.http.impl.conn.PoolingHttpClientConnectionManager]Connection released: [id: 0][route: {s}->https://api.mch.weixin.qq.com:443][total kept alive: 1; route allocated: 1 of 2; total allocated: 1 of 20]  org.apache.http.impl.conn.PoolingHttpClientConnectionManager.releaseConnection(PoolingHttpClientConnectionManager.java:348)
[DEBUG] [2019-03-11 14:17:02][org.apache.http.client.protocol.RequestAddCookies]CookieSpec selected: default  org.apache.http.client.protocol.RequestAddCookies.process(RequestAddCookies.java:123)
[DEBUG] [2019-03-11 14:17:02][org.apache.http.client.protocol.RequestAuthCache]Auth cache not set in the context  org.apache.http.client.protocol.RequestAuthCache.process(RequestAuthCache.java:77)
[DEBUG] [2019-03-11 14:17:02][org.apache.http.impl.conn.PoolingHttpClientConnectionManager]Connection request: [route: {s}->https://api.mch.weixin.qq.com:443][total kept alive: 0; route allocated: 0 of 2; total allocated: 0 of 20]  org.apache.http.impl.conn.PoolingHttpClientConnectionManager.requestConnection(PoolingHttpClientConnectionManager.java:265)
[DEBUG] [2019-03-11 14:17:02][org.apache.http.impl.conn.PoolingHttpClientConnectionManager]Connection leased: [id: 0][route: {s}->https://api.mch.weixin.qq.com:443][total kept alive: 0; route allocated: 1 of 2; total allocated: 1 of 20]  org.apache.http.impl.conn.PoolingHttpClientConnectionManager.leaseConnection(PoolingHttpClientConnectionManager.java:309)
[DEBUG] [2019-03-11 14:17:02][org.apache.http.impl.execchain.MainClientExec]Opening connection {s}->https://api.mch.weixin.qq.com:443  org.apache.http.impl.execchain.MainClientExec.execute(MainClientExec.java:235)
[DEBUG] [2019-03-11 14:17:02][org.apache.http.impl.conn.DefaultHttpClientConnectionOperator]Connecting to api.mch.weixin.qq.com/123.126.122.46:443  org.apache.http.impl.conn.DefaultHttpClientConnectionOperator.connect(DefaultHttpClientConnectionOperator.java:139)
[DEBUG] [2019-03-11 14:17:02][org.apache.http.conn.ssl.SSLConnectionSocketFactory]Connecting socket to api.mch.weixin.qq.com/123.126.122.46:443 with timeout 0  org.apache.http.conn.ssl.SSLConnectionSocketFactory.connectSocket(SSLConnectionSocketFactory.java:337)
[DEBUG] [2019-03-11 14:17:02][org.apache.http.conn.ssl.SSLConnectionSocketFactory]Enabled protocols: [TLSv1, TLSv1.1, TLSv1.2]  org.apache.http.conn.ssl.SSLConnectionSocketFactory.createLayeredSocket(SSLConnectionSocketFactory.java:390)
[DEBUG] [2019-03-11 14:17:02][org.apache.http.conn.ssl.SSLConnectionSocketFactory]Enabled cipher suites:[TLS_ECDHE_ECDSA_WITH_AES_256_CBC_SHA384, TLS_ECDHE_RSA_WITH_AES_256_CBC_SHA384, TLS_RSA_WITH_AES_256_CBC_SHA256, TLS_ECDH_ECDSA_WITH_AES_256_CBC_SHA384, TLS_ECDH_RSA_WITH_AES_256_CBC_SHA384, TLS_DHE_RSA_WITH_AES_256_CBC_SHA256, TLS_DHE_DSS_WITH_AES_256_CBC_SHA256, TLS_ECDHE_ECDSA_WITH_AES_256_CBC_SHA, TLS_ECDHE_RSA_WITH_AES_256_CBC_SHA, TLS_RSA_WITH_AES_256_CBC_SHA, TLS_ECDH_ECDSA_WITH_AES_256_CBC_SHA, TLS_ECDH_RSA_WITH_AES_256_CBC_SHA, TLS_DHE_RSA_WITH_AES_256_CBC_SHA, TLS_DHE_DSS_WITH_AES_256_CBC_SHA, TLS_ECDHE_ECDSA_WITH_AES_128_CBC_SHA256, TLS_ECDHE_RSA_WITH_AES_128_CBC_SHA256, TLS_RSA_WITH_AES_128_CBC_SHA256, TLS_ECDH_ECDSA_WITH_AES_128_CBC_SHA256, TLS_ECDH_RSA_WITH_AES_128_CBC_SHA256, TLS_DHE_RSA_WITH_AES_128_CBC_SHA256, TLS_DHE_DSS_WITH_AES_128_CBC_SHA256, TLS_ECDHE_ECDSA_WITH_AES_128_CBC_SHA, TLS_ECDHE_RSA_WITH_AES_128_CBC_SHA, TLS_RSA_WITH_AES_128_CBC_SHA, TLS_ECDH_ECDSA_WITH_AES_128_CBC_SHA, TLS_ECDH_RSA_WITH_AES_128_CBC_SHA, TLS_DHE_RSA_WITH_AES_128_CBC_SHA, TLS_DHE_DSS_WITH_AES_128_CBC_SHA, TLS_ECDHE_ECDSA_WITH_AES_256_GCM_SHA384, TLS_ECDHE_ECDSA_WITH_AES_128_GCM_SHA256, TLS_ECDHE_RSA_WITH_AES_256_GCM_SHA384, TLS_RSA_WITH_AES_256_GCM_SHA384, TLS_ECDH_ECDSA_WITH_AES_256_GCM_SHA384, TLS_ECDH_RSA_WITH_AES_256_GCM_SHA384, TLS_DHE_RSA_WITH_AES_256_GCM_SHA384, TLS_DHE_DSS_WITH_AES_256_GCM_SHA384, TLS_ECDHE_RSA_WITH_AES_128_GCM_SHA256, TLS_RSA_WITH_AES_128_GCM_SHA256, TLS_ECDH_ECDSA_WITH_AES_128_GCM_SHA256, TLS_ECDH_RSA_WITH_AES_128_GCM_SHA256, TLS_DHE_RSA_WITH_AES_128_GCM_SHA256, TLS_DHE_DSS_WITH_AES_128_GCM_SHA256, TLS_EMPTY_RENEGOTIATION_INFO_SCSV]  org.apache.http.conn.ssl.SSLConnectionSocketFactory.createLayeredSocket(SSLConnectionSocketFactory.java:391)
[DEBUG] [2019-03-11 14:17:02][org.apache.http.conn.ssl.SSLConnectionSocketFactory]Starting handshake  org.apache.http.conn.ssl.SSLConnectionSocketFactory.createLayeredSocket(SSLConnectionSocketFactory.java:395)
[DEBUG] [2019-03-11 14:17:02][org.apache.http.conn.ssl.SSLConnectionSocketFactory]Secure session established  org.apache.http.conn.ssl.SSLConnectionSocketFactory.verifyHostname(SSLConnectionSocketFactory.java:425)
[DEBUG] [2019-03-11 14:17:02][org.apache.http.conn.ssl.SSLConnectionSocketFactory] negotiated protocol: TLSv1.2  org.apache.http.conn.ssl.SSLConnectionSocketFactory.verifyHostname(SSLConnectionSocketFactory.java:426)
[DEBUG] [2019-03-11 14:17:02][org.apache.http.conn.ssl.SSLConnectionSocketFactory] negotiated cipher suite: TLS_ECDHE_RSA_WITH_AES_256_GCM_SHA384  org.apache.http.conn.ssl.SSLConnectionSocketFactory.verifyHostname(SSLConnectionSocketFactory.java:427)
[DEBUG] [2019-03-11 14:17:02][org.apache.http.conn.ssl.SSLConnectionSocketFactory] peer principal: CN=payapp.weixin.qq.com, OU=R&D, O=Tencent Technology (Shenzhen) Company Limited, L=Shenzhen, ST=Guangdong, C=CN  org.apache.http.conn.ssl.SSLConnectionSocketFactory.verifyHostname(SSLConnectionSocketFactory.java:435)
[DEBUG] [2019-03-11 14:17:02][org.apache.http.conn.ssl.SSLConnectionSocketFactory] peer alternative names: [payapp.weixin.qq.com, api.oz.weixin.qq.com, wx.gtimg.com, log.weixin.qq.com, api.pay.weixin.qq.com, api2.mch.weixin.qq.com, fraudhk.mch.weixin.qq.com, za.pay.wechat.com, fraudus.mch.weixin.qq.com, act.weixin.qq.com, fraud.mch.weixin.qq.com, apihk.mch.weixin.qq.com, mch.weixin.qq.com, api.mch.weixin.qq.com, apius.mch.weixin.qq.com, oz.weixin.qq.com, pay.weops.qq.com, action.weixin.qq.com, apitest.mch.weixin.qq.com, pay.weixin.qq.com]  org.apache.http.conn.ssl.SSLConnectionSocketFactory.verifyHostname(SSLConnectionSocketFactory.java:444)
[DEBUG] [2019-03-11 14:17:02][org.apache.http.conn.ssl.SSLConnectionSocketFactory] issuer principal: CN=GeoTrust RSA CA 2018, OU=www.digicert.com, O=DigiCert Inc, C=US  org.apache.http.conn.ssl.SSLConnectionSocketFactory.verifyHostname(SSLConnectionSocketFactory.java:448)
[DEBUG] [2019-03-11 14:17:02][org.apache.http.impl.conn.DefaultHttpClientConnectionOperator]Connection established 192.168.124.8:58094<->123.126.122.46:443  org.apache.http.impl.conn.DefaultHttpClientConnectionOperator.connect(DefaultHttpClientConnectionOperator.java:146)
[DEBUG] [2019-03-11 14:17:02][org.apache.http.impl.execchain.MainClientExec]Executing request POST /pay/orderquery HTTP/1.1  org.apache.http.impl.execchain.MainClientExec.execute(MainClientExec.java:256)
[DEBUG] [2019-03-11 14:17:02][org.apache.http.impl.execchain.MainClientExec]Target auth state: UNCHALLENGED  org.apache.http.impl.execchain.MainClientExec.execute(MainClientExec.java:261)
[DEBUG] [2019-03-11 14:17:02][org.apache.http.impl.execchain.MainClientExec]Proxy auth state: UNCHALLENGED  org.apache.http.impl.execchain.MainClientExec.execute(MainClientExec.java:267)
[DEBUG] [2019-03-11 14:17:02][org.apache.http.headers]http-outgoing-0 >> POST /pay/orderquery HTTP/1.1  org.apache.http.impl.conn.LoggingManagedHttpClientConnection.onRequestSubmitted(LoggingManagedHttpClientConnection.java:133)
[DEBUG] [2019-03-11 14:17:02][org.apache.http.headers]http-outgoing-0 >> Accept: application/json  org.apache.http.impl.conn.LoggingManagedHttpClientConnection.onRequestSubmitted(LoggingManagedHttpClientConnection.java:136)
[DEBUG] [2019-03-11 14:17:02][org.apache.http.headers]http-outgoing-0 >> Content-Type: application/x-www-form-urlencoded;charset=UTF-8  org.apache.http.impl.conn.LoggingManagedHttpClientConnection.onRequestSubmitted(LoggingManagedHttpClientConnection.java:136)
[DEBUG] [2019-03-11 14:17:02][org.apache.http.headers]http-outgoing-0 >> User-Agent: Mozilla/5.0 (Windows; U; Windows NT 5.1; en-US; rv:1.7.6)  org.apache.http.impl.conn.LoggingManagedHttpClientConnection.onRequestSubmitted(LoggingManagedHttpClientConnection.java:136)
[DEBUG] [2019-03-11 14:17:02][org.apache.http.headers]http-outgoing-0 >> Content-Length: 335  org.apache.http.impl.conn.LoggingManagedHttpClientConnection.onRequestSubmitted(LoggingManagedHttpClientConnection.java:136)
[DEBUG] [2019-03-11 14:17:02][org.apache.http.headers]http-outgoing-0 >> Host: api.mch.weixin.qq.com  org.apache.http.impl.conn.LoggingManagedHttpClientConnection.onRequestSubmitted(LoggingManagedHttpClientConnection.java:136)
[DEBUG] [2019-03-11 14:17:02][org.apache.http.headers]http-outgoing-0 >> Connection: Keep-Alive  org.apache.http.impl.conn.LoggingManagedHttpClientConnection.onRequestSubmitted(LoggingManagedHttpClientConnection.java:136)
[DEBUG] [2019-03-11 14:17:02][org.apache.http.headers]http-outgoing-0 >> Accept-Encoding: gzip,deflate  org.apache.http.impl.conn.LoggingManagedHttpClientConnection.onRequestSubmitted(LoggingManagedHttpClientConnection.java:136)
[DEBUG] [2019-03-11 14:17:02][org.apache.http.wire]http-outgoing-0 >> "POST /pay/orderquery HTTP/1.1[\r][\n]"  org.apache.http.impl.conn.Wire.wire(Wire.java:73)
[DEBUG] [2019-03-11 14:17:02][org.apache.http.wire]http-outgoing-0 >> "Accept: application/json[\r][\n]"  org.apache.http.impl.conn.Wire.wire(Wire.java:73)
[DEBUG] [2019-03-11 14:17:02][org.apache.http.wire]http-outgoing-0 >> "Content-Type: application/x-www-form-urlencoded;charset=UTF-8[\r][\n]"  org.apache.http.impl.conn.Wire.wire(Wire.java:73)
[DEBUG] [2019-03-11 14:17:02][org.apache.http.wire]http-outgoing-0 >> "User-Agent: Mozilla/5.0 (Windows; U; Windows NT 5.1; en-US; rv:1.7.6)[\r][\n]"  org.apache.http.impl.conn.Wire.wire(Wire.java:73)
[DEBUG] [2019-03-11 14:17:02][org.apache.http.wire]http-outgoing-0 >> "Content-Length: 335[\r][\n]"  org.apache.http.impl.conn.Wire.wire(Wire.java:73)
[DEBUG] [2019-03-11 14:17:02][org.apache.http.wire]http-outgoing-0 >> "Host: api.mch.weixin.qq.com[\r][\n]"  org.apache.http.impl.conn.Wire.wire(Wire.java:73)
[DEBUG] [2019-03-11 14:17:02][org.apache.http.wire]http-outgoing-0 >> "Connection: Keep-Alive[\r][\n]"  org.apache.http.impl.conn.Wire.wire(Wire.java:73)
[DEBUG] [2019-03-11 14:17:02][org.apache.http.wire]http-outgoing-0 >> "Accept-Encoding: gzip,deflate[\r][\n]"  org.apache.http.impl.conn.Wire.wire(Wire.java:73)
[DEBUG] [2019-03-11 14:17:02][org.apache.http.wire]http-outgoing-0 >> "[\r][\n]"  org.apache.http.impl.conn.Wire.wire(Wire.java:73)
[DEBUG] [2019-03-11 14:17:02][org.apache.http.wire]http-outgoing-0 >> "<xml><nonce_str>3kG00g7iTjwQnJsynySJhKazn3l</nonce_str><out_trade_no>b4d4bd973ab44336989c88c8c0336cda</out_trade_no><out_refund_no>sdf45fgdg45btr4543c234</out_refund_no><appid>wx0a073be92a917ed3</appid><refund_fee>100</refund_fee><total_fee>1100</total_fee><sign>2D4C006EB3D486E1A945EE4E565B7B4D</sign><mch_id>1494938712</mch_id></xml>"  org.apache.http.impl.conn.Wire.wire(Wire.java:87)
[DEBUG] [2019-03-11 14:17:02][org.apache.http.wire]http-outgoing-0 << "HTTP/1.1 200 OK[\r][\n]"  org.apache.http.impl.conn.Wire.wire(Wire.java:73)
[DEBUG] [2019-03-11 14:17:02][org.apache.http.wire]http-outgoing-0 << "Server: nginx[\r][\n]"  org.apache.http.impl.conn.Wire.wire(Wire.java:73)
[DEBUG] [2019-03-11 14:17:02][org.apache.http.wire]http-outgoing-0 << "Date: Mon, 11 Mar 2019 06:17:03 GMT[\r][\n]"  org.apache.http.impl.conn.Wire.wire(Wire.java:73)
[DEBUG] [2019-03-11 14:17:02][org.apache.http.wire]http-outgoing-0 << "Content-Type: text/plain[\r][\n]"  org.apache.http.impl.conn.Wire.wire(Wire.java:73)
[DEBUG] [2019-03-11 14:17:02][org.apache.http.wire]http-outgoing-0 << "Content-Length: 124[\r][\n]"  org.apache.http.impl.conn.Wire.wire(Wire.java:73)
[DEBUG] [2019-03-11 14:17:02][org.apache.http.wire]http-outgoing-0 << "Connection: keep-alive[\r][\n]"  org.apache.http.impl.conn.Wire.wire(Wire.java:73)
[DEBUG] [2019-03-11 14:17:02][org.apache.http.wire]http-outgoing-0 << "Keep-Alive: timeout=8[\r][\n]"  org.apache.http.impl.conn.Wire.wire(Wire.java:73)
[DEBUG] [2019-03-11 14:17:02][org.apache.http.wire]http-outgoing-0 << "[\r][\n]"  org.apache.http.impl.conn.Wire.wire(Wire.java:73)
[DEBUG] [2019-03-11 14:17:02][org.apache.http.wire]http-outgoing-0 << "<xml><return_code><![CDATA[FAIL]]></return_code>[\n]"  org.apache.http.impl.conn.Wire.wire(Wire.java:73)
[DEBUG] [2019-03-11 14:17:02][org.apache.http.wire]http-outgoing-0 << "<return_msg><![CDATA[[0xe4][0xb8][0x8d][0xe8][0xaf][0x86][0xe5][0x88][0xab][0xe7][0x9a][0x84][0xe5][0x8f][0x82][0xe6][0x95][0xb0]out_refund_no]]></return_msg>[\n]"  org.apache.http.impl.conn.Wire.wire(Wire.java:73)
[DEBUG] [2019-03-11 14:17:02][org.apache.http.wire]http-outgoing-0 << "</xml>"  org.apache.http.impl.conn.Wire.wire(Wire.java:87)
[DEBUG] [2019-03-11 14:17:02][org.apache.http.headers]http-outgoing-0 << HTTP/1.1 200 OK  org.apache.http.impl.conn.LoggingManagedHttpClientConnection.onResponseReceived(LoggingManagedHttpClientConnection.java:122)
[DEBUG] [2019-03-11 14:17:02][org.apache.http.headers]http-outgoing-0 << Server: nginx  org.apache.http.impl.conn.LoggingManagedHttpClientConnection.onResponseReceived(LoggingManagedHttpClientConnection.java:125)
[DEBUG] [2019-03-11 14:17:02][org.apache.http.headers]http-outgoing-0 << Date: Mon, 11 Mar 2019 06:17:03 GMT  org.apache.http.impl.conn.LoggingManagedHttpClientConnection.onResponseReceived(LoggingManagedHttpClientConnection.java:125)
[DEBUG] [2019-03-11 14:17:02][org.apache.http.headers]http-outgoing-0 << Content-Type: text/plain  org.apache.http.impl.conn.LoggingManagedHttpClientConnection.onResponseReceived(LoggingManagedHttpClientConnection.java:125)
[DEBUG] [2019-03-11 14:17:02][org.apache.http.headers]http-outgoing-0 << Content-Length: 124  org.apache.http.impl.conn.LoggingManagedHttpClientConnection.onResponseReceived(LoggingManagedHttpClientConnection.java:125)
[DEBUG] [2019-03-11 14:17:02][org.apache.http.headers]http-outgoing-0 << Connection: keep-alive  org.apache.http.impl.conn.LoggingManagedHttpClientConnection.onResponseReceived(LoggingManagedHttpClientConnection.java:125)
[DEBUG] [2019-03-11 14:17:02][org.apache.http.headers]http-outgoing-0 << Keep-Alive: timeout=8  org.apache.http.impl.conn.LoggingManagedHttpClientConnection.onResponseReceived(LoggingManagedHttpClientConnection.java:125)
[DEBUG] [2019-03-11 14:17:02][org.apache.http.impl.execchain.MainClientExec]Connection can be kept alive for 8000 MILLISECONDS  org.apache.http.impl.execchain.MainClientExec.execute(MainClientExec.java:285)
[DEBUG] [2019-03-11 14:17:02][org.apache.http.impl.conn.PoolingHttpClientConnectionManager]Connection [id: 0][route: {s}->https://api.mch.weixin.qq.com:443] can be kept alive for 8.0 seconds  org.apache.http.impl.conn.PoolingHttpClientConnectionManager.releaseConnection(PoolingHttpClientConnectionManager.java:341)
[DEBUG] [2019-03-11 14:17:02][org.apache.http.impl.conn.DefaultManagedHttpClientConnection]http-outgoing-0: set socket timeout to 0  org.apache.http.impl.conn.LoggingManagedHttpClientConnection.setSocketTimeout(LoggingManagedHttpClientConnection.java:88)
[DEBUG] [2019-03-11 14:17:02][org.apache.http.impl.conn.PoolingHttpClientConnectionManager]Connection released: [id: 0][route: {s}->https://api.mch.weixin.qq.com:443][total kept alive: 1; route allocated: 1 of 2; total allocated: 1 of 20]  org.apache.http.impl.conn.PoolingHttpClientConnectionManager.releaseConnection(PoolingHttpClientConnectionManager.java:348)
[DEBUG] [2019-03-11 14:17:33][org.apache.http.client.protocol.RequestAddCookies]CookieSpec selected: default  org.apache.http.client.protocol.RequestAddCookies.process(RequestAddCookies.java:123)
[DEBUG] [2019-03-11 14:17:33][org.apache.http.client.protocol.RequestAuthCache]Auth cache not set in the context  org.apache.http.client.protocol.RequestAuthCache.process(RequestAuthCache.java:77)
[DEBUG] [2019-03-11 14:17:33][org.apache.http.impl.conn.PoolingHttpClientConnectionManager]Connection request: [route: {s}->https://api.mch.weixin.qq.com:443][total kept alive: 0; route allocated: 0 of 2; total allocated: 0 of 20]  org.apache.http.impl.conn.PoolingHttpClientConnectionManager.requestConnection(PoolingHttpClientConnectionManager.java:265)
[DEBUG] [2019-03-11 14:17:33][org.apache.http.impl.conn.PoolingHttpClientConnectionManager]Connection leased: [id: 0][route: {s}->https://api.mch.weixin.qq.com:443][total kept alive: 0; route allocated: 1 of 2; total allocated: 1 of 20]  org.apache.http.impl.conn.PoolingHttpClientConnectionManager.leaseConnection(PoolingHttpClientConnectionManager.java:309)
[DEBUG] [2019-03-11 14:17:33][org.apache.http.impl.execchain.MainClientExec]Opening connection {s}->https://api.mch.weixin.qq.com:443  org.apache.http.impl.execchain.MainClientExec.execute(MainClientExec.java:235)
[DEBUG] [2019-03-11 14:17:33][org.apache.http.impl.conn.DefaultHttpClientConnectionOperator]Connecting to api.mch.weixin.qq.com/123.126.122.46:443  org.apache.http.impl.conn.DefaultHttpClientConnectionOperator.connect(DefaultHttpClientConnectionOperator.java:139)
[DEBUG] [2019-03-11 14:17:33][org.apache.http.conn.ssl.SSLConnectionSocketFactory]Connecting socket to api.mch.weixin.qq.com/123.126.122.46:443 with timeout 0  org.apache.http.conn.ssl.SSLConnectionSocketFactory.connectSocket(SSLConnectionSocketFactory.java:337)
[DEBUG] [2019-03-11 14:17:33][org.apache.http.conn.ssl.SSLConnectionSocketFactory]Enabled protocols: [TLSv1, TLSv1.1, TLSv1.2]  org.apache.http.conn.ssl.SSLConnectionSocketFactory.createLayeredSocket(SSLConnectionSocketFactory.java:390)
[DEBUG] [2019-03-11 14:17:33][org.apache.http.conn.ssl.SSLConnectionSocketFactory]Enabled cipher suites:[TLS_ECDHE_ECDSA_WITH_AES_256_CBC_SHA384, TLS_ECDHE_RSA_WITH_AES_256_CBC_SHA384, TLS_RSA_WITH_AES_256_CBC_SHA256, TLS_ECDH_ECDSA_WITH_AES_256_CBC_SHA384, TLS_ECDH_RSA_WITH_AES_256_CBC_SHA384, TLS_DHE_RSA_WITH_AES_256_CBC_SHA256, TLS_DHE_DSS_WITH_AES_256_CBC_SHA256, TLS_ECDHE_ECDSA_WITH_AES_256_CBC_SHA, TLS_ECDHE_RSA_WITH_AES_256_CBC_SHA, TLS_RSA_WITH_AES_256_CBC_SHA, TLS_ECDH_ECDSA_WITH_AES_256_CBC_SHA, TLS_ECDH_RSA_WITH_AES_256_CBC_SHA, TLS_DHE_RSA_WITH_AES_256_CBC_SHA, TLS_DHE_DSS_WITH_AES_256_CBC_SHA, TLS_ECDHE_ECDSA_WITH_AES_128_CBC_SHA256, TLS_ECDHE_RSA_WITH_AES_128_CBC_SHA256, TLS_RSA_WITH_AES_128_CBC_SHA256, TLS_ECDH_ECDSA_WITH_AES_128_CBC_SHA256, TLS_ECDH_RSA_WITH_AES_128_CBC_SHA256, TLS_DHE_RSA_WITH_AES_128_CBC_SHA256, TLS_DHE_DSS_WITH_AES_128_CBC_SHA256, TLS_ECDHE_ECDSA_WITH_AES_128_CBC_SHA, TLS_ECDHE_RSA_WITH_AES_128_CBC_SHA, TLS_RSA_WITH_AES_128_CBC_SHA, TLS_ECDH_ECDSA_WITH_AES_128_CBC_SHA, TLS_ECDH_RSA_WITH_AES_128_CBC_SHA, TLS_DHE_RSA_WITH_AES_128_CBC_SHA, TLS_DHE_DSS_WITH_AES_128_CBC_SHA, TLS_ECDHE_ECDSA_WITH_AES_256_GCM_SHA384, TLS_ECDHE_ECDSA_WITH_AES_128_GCM_SHA256, TLS_ECDHE_RSA_WITH_AES_256_GCM_SHA384, TLS_RSA_WITH_AES_256_GCM_SHA384, TLS_ECDH_ECDSA_WITH_AES_256_GCM_SHA384, TLS_ECDH_RSA_WITH_AES_256_GCM_SHA384, TLS_DHE_RSA_WITH_AES_256_GCM_SHA384, TLS_DHE_DSS_WITH_AES_256_GCM_SHA384, TLS_ECDHE_RSA_WITH_AES_128_GCM_SHA256, TLS_RSA_WITH_AES_128_GCM_SHA256, TLS_ECDH_ECDSA_WITH_AES_128_GCM_SHA256, TLS_ECDH_RSA_WITH_AES_128_GCM_SHA256, TLS_DHE_RSA_WITH_AES_128_GCM_SHA256, TLS_DHE_DSS_WITH_AES_128_GCM_SHA256, TLS_EMPTY_RENEGOTIATION_INFO_SCSV]  org.apache.http.conn.ssl.SSLConnectionSocketFactory.createLayeredSocket(SSLConnectionSocketFactory.java:391)
[DEBUG] [2019-03-11 14:17:33][org.apache.http.conn.ssl.SSLConnectionSocketFactory]Starting handshake  org.apache.http.conn.ssl.SSLConnectionSocketFactory.createLayeredSocket(SSLConnectionSocketFactory.java:395)
[DEBUG] [2019-03-11 14:17:33][org.apache.http.conn.ssl.SSLConnectionSocketFactory]Secure session established  org.apache.http.conn.ssl.SSLConnectionSocketFactory.verifyHostname(SSLConnectionSocketFactory.java:425)
[DEBUG] [2019-03-11 14:17:33][org.apache.http.conn.ssl.SSLConnectionSocketFactory] negotiated protocol: TLSv1.2  org.apache.http.conn.ssl.SSLConnectionSocketFactory.verifyHostname(SSLConnectionSocketFactory.java:426)
[DEBUG] [2019-03-11 14:17:33][org.apache.http.conn.ssl.SSLConnectionSocketFactory] negotiated cipher suite: TLS_ECDHE_RSA_WITH_AES_256_GCM_SHA384  org.apache.http.conn.ssl.SSLConnectionSocketFactory.verifyHostname(SSLConnectionSocketFactory.java:427)
[DEBUG] [2019-03-11 14:17:33][org.apache.http.conn.ssl.SSLConnectionSocketFactory] peer principal: CN=payapp.weixin.qq.com, OU=R&D, O=Tencent Technology (Shenzhen) Company Limited, L=Shenzhen, ST=Guangdong, C=CN  org.apache.http.conn.ssl.SSLConnectionSocketFactory.verifyHostname(SSLConnectionSocketFactory.java:435)
[DEBUG] [2019-03-11 14:17:33][org.apache.http.conn.ssl.SSLConnectionSocketFactory] peer alternative names: [payapp.weixin.qq.com, api.oz.weixin.qq.com, wx.gtimg.com, log.weixin.qq.com, api.pay.weixin.qq.com, api2.mch.weixin.qq.com, fraudhk.mch.weixin.qq.com, za.pay.wechat.com, fraudus.mch.weixin.qq.com, act.weixin.qq.com, fraud.mch.weixin.qq.com, apihk.mch.weixin.qq.com, mch.weixin.qq.com, api.mch.weixin.qq.com, apius.mch.weixin.qq.com, oz.weixin.qq.com, pay.weops.qq.com, action.weixin.qq.com, apitest.mch.weixin.qq.com, pay.weixin.qq.com]  org.apache.http.conn.ssl.SSLConnectionSocketFactory.verifyHostname(SSLConnectionSocketFactory.java:444)
[DEBUG] [2019-03-11 14:17:33][org.apache.http.conn.ssl.SSLConnectionSocketFactory] issuer principal: CN=GeoTrust RSA CA 2018, OU=www.digicert.com, O=DigiCert Inc, C=US  org.apache.http.conn.ssl.SSLConnectionSocketFactory.verifyHostname(SSLConnectionSocketFactory.java:448)
[DEBUG] [2019-03-11 14:17:33][org.apache.http.impl.conn.DefaultHttpClientConnectionOperator]Connection established 192.168.124.8:58322<->123.126.122.46:443  org.apache.http.impl.conn.DefaultHttpClientConnectionOperator.connect(DefaultHttpClientConnectionOperator.java:146)
[DEBUG] [2019-03-11 14:17:33][org.apache.http.impl.execchain.MainClientExec]Executing request POST /secapi/pay/refund HTTP/1.1  org.apache.http.impl.execchain.MainClientExec.execute(MainClientExec.java:256)
[DEBUG] [2019-03-11 14:17:33][org.apache.http.impl.execchain.MainClientExec]Target auth state: UNCHALLENGED  org.apache.http.impl.execchain.MainClientExec.execute(MainClientExec.java:261)
[DEBUG] [2019-03-11 14:17:33][org.apache.http.impl.execchain.MainClientExec]Proxy auth state: UNCHALLENGED  org.apache.http.impl.execchain.MainClientExec.execute(MainClientExec.java:267)
[DEBUG] [2019-03-11 14:17:33][org.apache.http.headers]http-outgoing-0 >> POST /secapi/pay/refund HTTP/1.1  org.apache.http.impl.conn.LoggingManagedHttpClientConnection.onRequestSubmitted(LoggingManagedHttpClientConnection.java:133)
[DEBUG] [2019-03-11 14:17:33][org.apache.http.headers]http-outgoing-0 >> Accept: application/json  org.apache.http.impl.conn.LoggingManagedHttpClientConnection.onRequestSubmitted(LoggingManagedHttpClientConnection.java:136)
[DEBUG] [2019-03-11 14:17:33][org.apache.http.headers]http-outgoing-0 >> Content-Type: application/x-www-form-urlencoded;charset=UTF-8  org.apache.http.impl.conn.LoggingManagedHttpClientConnection.onRequestSubmitted(LoggingManagedHttpClientConnection.java:136)
[DEBUG] [2019-03-11 14:17:33][org.apache.http.headers]http-outgoing-0 >> User-Agent: Mozilla/5.0 (Windows; U; Windows NT 5.1; en-US; rv:1.7.6)  org.apache.http.impl.conn.LoggingManagedHttpClientConnection.onRequestSubmitted(LoggingManagedHttpClientConnection.java:136)
[DEBUG] [2019-03-11 14:17:33][org.apache.http.headers]http-outgoing-0 >> Content-Length: 335  org.apache.http.impl.conn.LoggingManagedHttpClientConnection.onRequestSubmitted(LoggingManagedHttpClientConnection.java:136)
[DEBUG] [2019-03-11 14:17:33][org.apache.http.headers]http-outgoing-0 >> Host: api.mch.weixin.qq.com  org.apache.http.impl.conn.LoggingManagedHttpClientConnection.onRequestSubmitted(LoggingManagedHttpClientConnection.java:136)
[DEBUG] [2019-03-11 14:17:33][org.apache.http.headers]http-outgoing-0 >> Connection: Keep-Alive  org.apache.http.impl.conn.LoggingManagedHttpClientConnection.onRequestSubmitted(LoggingManagedHttpClientConnection.java:136)
[DEBUG] [2019-03-11 14:17:33][org.apache.http.headers]http-outgoing-0 >> Accept-Encoding: gzip,deflate  org.apache.http.impl.conn.LoggingManagedHttpClientConnection.onRequestSubmitted(LoggingManagedHttpClientConnection.java:136)
[DEBUG] [2019-03-11 14:17:33][org.apache.http.wire]http-outgoing-0 >> "POST /secapi/pay/refund HTTP/1.1[\r][\n]"  org.apache.http.impl.conn.Wire.wire(Wire.java:73)
[DEBUG] [2019-03-11 14:17:33][org.apache.http.wire]http-outgoing-0 >> "Accept: application/json[\r][\n]"  org.apache.http.impl.conn.Wire.wire(Wire.java:73)
[DEBUG] [2019-03-11 14:17:33][org.apache.http.wire]http-outgoing-0 >> "Content-Type: application/x-www-form-urlencoded;charset=UTF-8[\r][\n]"  org.apache.http.impl.conn.Wire.wire(Wire.java:73)
[DEBUG] [2019-03-11 14:17:33][org.apache.http.wire]http-outgoing-0 >> "User-Agent: Mozilla/5.0 (Windows; U; Windows NT 5.1; en-US; rv:1.7.6)[\r][\n]"  org.apache.http.impl.conn.Wire.wire(Wire.java:73)
[DEBUG] [2019-03-11 14:17:33][org.apache.http.wire]http-outgoing-0 >> "Content-Length: 335[\r][\n]"  org.apache.http.impl.conn.Wire.wire(Wire.java:73)
[DEBUG] [2019-03-11 14:17:33][org.apache.http.wire]http-outgoing-0 >> "Host: api.mch.weixin.qq.com[\r][\n]"  org.apache.http.impl.conn.Wire.wire(Wire.java:73)
[DEBUG] [2019-03-11 14:17:33][org.apache.http.wire]http-outgoing-0 >> "Connection: Keep-Alive[\r][\n]"  org.apache.http.impl.conn.Wire.wire(Wire.java:73)
[DEBUG] [2019-03-11 14:17:33][org.apache.http.wire]http-outgoing-0 >> "Accept-Encoding: gzip,deflate[\r][\n]"  org.apache.http.impl.conn.Wire.wire(Wire.java:73)
[DEBUG] [2019-03-11 14:17:33][org.apache.http.wire]http-outgoing-0 >> "[\r][\n]"  org.apache.http.impl.conn.Wire.wire(Wire.java:73)
[DEBUG] [2019-03-11 14:17:33][org.apache.http.wire]http-outgoing-0 >> "<xml><nonce_str>3kG00g7iTjwQnJsynySJhKazn3l</nonce_str><out_trade_no>b4d4bd973ab44336989c88c8c0336cda</out_trade_no><out_refund_no>sdf45fgdg45btr4543c234</out_refund_no><appid>wx0a073be92a917ed3</appid><refund_fee>100</refund_fee><total_fee>1100</total_fee><sign>2D4C006EB3D486E1A945EE4E565B7B4D</sign><mch_id>1494938712</mch_id></xml>"  org.apache.http.impl.conn.Wire.wire(Wire.java:87)
[DEBUG] [2019-03-11 14:17:33][org.apache.http.wire]http-outgoing-0 << "end of stream"  org.apache.http.impl.conn.Wire.wire(Wire.java:87)
[DEBUG] [2019-03-11 14:17:33][org.apache.http.impl.conn.DefaultManagedHttpClientConnection]http-outgoing-0: Close connection  org.apache.http.impl.conn.LoggingManagedHttpClientConnection.close(LoggingManagedHttpClientConnection.java:79)
[DEBUG] [2019-03-11 14:17:33][org.apache.http.impl.conn.DefaultManagedHttpClientConnection]http-outgoing-0: Shutdown connection  org.apache.http.impl.conn.LoggingManagedHttpClientConnection.shutdown(LoggingManagedHttpClientConnection.java:96)
[DEBUG] [2019-03-11 14:17:33][org.apache.http.impl.execchain.MainClientExec]Connection discarded  org.apache.http.impl.execchain.ConnectionHolder.abortConnection(ConnectionHolder.java:129)
[DEBUG] [2019-03-11 14:17:33][org.apache.http.impl.conn.PoolingHttpClientConnectionManager]Connection released: [id: 0][route: {s}->https://api.mch.weixin.qq.com:443][total kept alive: 0; route allocated: 0 of 2; total allocated: 0 of 20]  org.apache.http.impl.conn.PoolingHttpClientConnectionManager.releaseConnection(PoolingHttpClientConnectionManager.java:348)
[DEBUG] [2019-03-11 14:19:48][org.apache.http.client.protocol.RequestAddCookies]CookieSpec selected: default  org.apache.http.client.protocol.RequestAddCookies.process(RequestAddCookies.java:123)
[DEBUG] [2019-03-11 14:19:48][org.apache.http.client.protocol.RequestAuthCache]Auth cache not set in the context  org.apache.http.client.protocol.RequestAuthCache.process(RequestAuthCache.java:77)
[DEBUG] [2019-03-11 14:19:48][org.apache.http.impl.conn.PoolingHttpClientConnectionManager]Connection request: [route: {s}->https://api.mch.weixin.qq.com:443][total kept alive: 0; route allocated: 0 of 2; total allocated: 0 of 20]  org.apache.http.impl.conn.PoolingHttpClientConnectionManager.requestConnection(PoolingHttpClientConnectionManager.java:265)
[DEBUG] [2019-03-11 14:19:48][org.apache.http.impl.conn.PoolingHttpClientConnectionManager]Connection leased: [id: 0][route: {s}->https://api.mch.weixin.qq.com:443][total kept alive: 0; route allocated: 1 of 2; total allocated: 1 of 20]  org.apache.http.impl.conn.PoolingHttpClientConnectionManager.leaseConnection(PoolingHttpClientConnectionManager.java:309)
[DEBUG] [2019-03-11 14:19:48][org.apache.http.impl.execchain.MainClientExec]Opening connection {s}->https://api.mch.weixin.qq.com:443  org.apache.http.impl.execchain.MainClientExec.execute(MainClientExec.java:235)
[DEBUG] [2019-03-11 14:19:48][org.apache.http.impl.conn.DefaultHttpClientConnectionOperator]Connecting to api.mch.weixin.qq.com/123.126.122.46:443  org.apache.http.impl.conn.DefaultHttpClientConnectionOperator.connect(DefaultHttpClientConnectionOperator.java:139)
[DEBUG] [2019-03-11 14:19:48][org.apache.http.conn.ssl.SSLConnectionSocketFactory]Connecting socket to api.mch.weixin.qq.com/123.126.122.46:443 with timeout 0  org.apache.http.conn.ssl.SSLConnectionSocketFactory.connectSocket(SSLConnectionSocketFactory.java:337)
[DEBUG] [2019-03-11 14:19:48][org.apache.http.conn.ssl.SSLConnectionSocketFactory]Enabled protocols: [TLSv1, TLSv1.1, TLSv1.2]  org.apache.http.conn.ssl.SSLConnectionSocketFactory.createLayeredSocket(SSLConnectionSocketFactory.java:390)
[DEBUG] [2019-03-11 14:19:48][org.apache.http.conn.ssl.SSLConnectionSocketFactory]Enabled cipher suites:[TLS_ECDHE_ECDSA_WITH_AES_256_CBC_SHA384, TLS_ECDHE_RSA_WITH_AES_256_CBC_SHA384, TLS_RSA_WITH_AES_256_CBC_SHA256, TLS_ECDH_ECDSA_WITH_AES_256_CBC_SHA384, TLS_ECDH_RSA_WITH_AES_256_CBC_SHA384, TLS_DHE_RSA_WITH_AES_256_CBC_SHA256, TLS_DHE_DSS_WITH_AES_256_CBC_SHA256, TLS_ECDHE_ECDSA_WITH_AES_256_CBC_SHA, TLS_ECDHE_RSA_WITH_AES_256_CBC_SHA, TLS_RSA_WITH_AES_256_CBC_SHA, TLS_ECDH_ECDSA_WITH_AES_256_CBC_SHA, TLS_ECDH_RSA_WITH_AES_256_CBC_SHA, TLS_DHE_RSA_WITH_AES_256_CBC_SHA, TLS_DHE_DSS_WITH_AES_256_CBC_SHA, TLS_ECDHE_ECDSA_WITH_AES_128_CBC_SHA256, TLS_ECDHE_RSA_WITH_AES_128_CBC_SHA256, TLS_RSA_WITH_AES_128_CBC_SHA256, TLS_ECDH_ECDSA_WITH_AES_128_CBC_SHA256, TLS_ECDH_RSA_WITH_AES_128_CBC_SHA256, TLS_DHE_RSA_WITH_AES_128_CBC_SHA256, TLS_DHE_DSS_WITH_AES_128_CBC_SHA256, TLS_ECDHE_ECDSA_WITH_AES_128_CBC_SHA, TLS_ECDHE_RSA_WITH_AES_128_CBC_SHA, TLS_RSA_WITH_AES_128_CBC_SHA, TLS_ECDH_ECDSA_WITH_AES_128_CBC_SHA, TLS_ECDH_RSA_WITH_AES_128_CBC_SHA, TLS_DHE_RSA_WITH_AES_128_CBC_SHA, TLS_DHE_DSS_WITH_AES_128_CBC_SHA, TLS_ECDHE_ECDSA_WITH_AES_256_GCM_SHA384, TLS_ECDHE_ECDSA_WITH_AES_128_GCM_SHA256, TLS_ECDHE_RSA_WITH_AES_256_GCM_SHA384, TLS_RSA_WITH_AES_256_GCM_SHA384, TLS_ECDH_ECDSA_WITH_AES_256_GCM_SHA384, TLS_ECDH_RSA_WITH_AES_256_GCM_SHA384, TLS_DHE_RSA_WITH_AES_256_GCM_SHA384, TLS_DHE_DSS_WITH_AES_256_GCM_SHA384, TLS_ECDHE_RSA_WITH_AES_128_GCM_SHA256, TLS_RSA_WITH_AES_128_GCM_SHA256, TLS_ECDH_ECDSA_WITH_AES_128_GCM_SHA256, TLS_ECDH_RSA_WITH_AES_128_GCM_SHA256, TLS_DHE_RSA_WITH_AES_128_GCM_SHA256, TLS_DHE_DSS_WITH_AES_128_GCM_SHA256, TLS_EMPTY_RENEGOTIATION_INFO_SCSV]  org.apache.http.conn.ssl.SSLConnectionSocketFactory.createLayeredSocket(SSLConnectionSocketFactory.java:391)
[DEBUG] [2019-03-11 14:19:48][org.apache.http.conn.ssl.SSLConnectionSocketFactory]Starting handshake  org.apache.http.conn.ssl.SSLConnectionSocketFactory.createLayeredSocket(SSLConnectionSocketFactory.java:395)
[DEBUG] [2019-03-11 14:19:48][org.apache.http.conn.ssl.SSLConnectionSocketFactory]Secure session established  org.apache.http.conn.ssl.SSLConnectionSocketFactory.verifyHostname(SSLConnectionSocketFactory.java:425)
[DEBUG] [2019-03-11 14:19:48][org.apache.http.conn.ssl.SSLConnectionSocketFactory] negotiated protocol: TLSv1.2  org.apache.http.conn.ssl.SSLConnectionSocketFactory.verifyHostname(SSLConnectionSocketFactory.java:426)
[DEBUG] [2019-03-11 14:19:48][org.apache.http.conn.ssl.SSLConnectionSocketFactory] negotiated cipher suite: TLS_ECDHE_RSA_WITH_AES_256_GCM_SHA384  org.apache.http.conn.ssl.SSLConnectionSocketFactory.verifyHostname(SSLConnectionSocketFactory.java:427)
[DEBUG] [2019-03-11 14:19:48][org.apache.http.conn.ssl.SSLConnectionSocketFactory] peer principal: CN=payapp.weixin.qq.com, OU=R&D, O=Tencent Technology (Shenzhen) Company Limited, L=Shenzhen, ST=Guangdong, C=CN  org.apache.http.conn.ssl.SSLConnectionSocketFactory.verifyHostname(SSLConnectionSocketFactory.java:435)
[DEBUG] [2019-03-11 14:19:48][org.apache.http.conn.ssl.SSLConnectionSocketFactory] peer alternative names: [payapp.weixin.qq.com, api.oz.weixin.qq.com, wx.gtimg.com, log.weixin.qq.com, api.pay.weixin.qq.com, api2.mch.weixin.qq.com, fraudhk.mch.weixin.qq.com, za.pay.wechat.com, fraudus.mch.weixin.qq.com, act.weixin.qq.com, fraud.mch.weixin.qq.com, apihk.mch.weixin.qq.com, mch.weixin.qq.com, api.mch.weixin.qq.com, apius.mch.weixin.qq.com, oz.weixin.qq.com, pay.weops.qq.com, action.weixin.qq.com, apitest.mch.weixin.qq.com, pay.weixin.qq.com]  org.apache.http.conn.ssl.SSLConnectionSocketFactory.verifyHostname(SSLConnectionSocketFactory.java:444)
[DEBUG] [2019-03-11 14:19:48][org.apache.http.conn.ssl.SSLConnectionSocketFactory] issuer principal: CN=GeoTrust RSA CA 2018, OU=www.digicert.com, O=DigiCert Inc, C=US  org.apache.http.conn.ssl.SSLConnectionSocketFactory.verifyHostname(SSLConnectionSocketFactory.java:448)
[DEBUG] [2019-03-11 14:19:48][org.apache.http.impl.conn.DefaultHttpClientConnectionOperator]Connection established 192.168.124.8:59297<->123.126.122.46:443  org.apache.http.impl.conn.DefaultHttpClientConnectionOperator.connect(DefaultHttpClientConnectionOperator.java:146)
[DEBUG] [2019-03-11 14:19:48][org.apache.http.impl.execchain.MainClientExec]Executing request POST /secapi/pay/refund HTTP/1.1  org.apache.http.impl.execchain.MainClientExec.execute(MainClientExec.java:256)
[DEBUG] [2019-03-11 14:19:48][org.apache.http.impl.execchain.MainClientExec]Target auth state: UNCHALLENGED  org.apache.http.impl.execchain.MainClientExec.execute(MainClientExec.java:261)
[DEBUG] [2019-03-11 14:19:48][org.apache.http.impl.execchain.MainClientExec]Proxy auth state: UNCHALLENGED  org.apache.http.impl.execchain.MainClientExec.execute(MainClientExec.java:267)
[DEBUG] [2019-03-11 14:19:48][org.apache.http.headers]http-outgoing-0 >> POST /secapi/pay/refund HTTP/1.1  org.apache.http.impl.conn.LoggingManagedHttpClientConnection.onRequestSubmitted(LoggingManagedHttpClientConnection.java:133)
[DEBUG] [2019-03-11 14:19:48][org.apache.http.headers]http-outgoing-0 >> Accept: application/json  org.apache.http.impl.conn.LoggingManagedHttpClientConnection.onRequestSubmitted(LoggingManagedHttpClientConnection.java:136)
[DEBUG] [2019-03-11 14:19:48][org.apache.http.headers]http-outgoing-0 >> Content-Type: application/x-www-form-urlencoded;charset=UTF-8  org.apache.http.impl.conn.LoggingManagedHttpClientConnection.onRequestSubmitted(LoggingManagedHttpClientConnection.java:136)
[DEBUG] [2019-03-11 14:19:48][org.apache.http.headers]http-outgoing-0 >> User-Agent: Mozilla/5.0 (Windows; U; Windows NT 5.1; en-US; rv:1.7.6)  org.apache.http.impl.conn.LoggingManagedHttpClientConnection.onRequestSubmitted(LoggingManagedHttpClientConnection.java:136)
[DEBUG] [2019-03-11 14:19:48][org.apache.http.headers]http-outgoing-0 >> Content-Length: 335  org.apache.http.impl.conn.LoggingManagedHttpClientConnection.onRequestSubmitted(LoggingManagedHttpClientConnection.java:136)
[DEBUG] [2019-03-11 14:19:48][org.apache.http.headers]http-outgoing-0 >> Host: api.mch.weixin.qq.com  org.apache.http.impl.conn.LoggingManagedHttpClientConnection.onRequestSubmitted(LoggingManagedHttpClientConnection.java:136)
[DEBUG] [2019-03-11 14:19:48][org.apache.http.headers]http-outgoing-0 >> Connection: Keep-Alive  org.apache.http.impl.conn.LoggingManagedHttpClientConnection.onRequestSubmitted(LoggingManagedHttpClientConnection.java:136)
[DEBUG] [2019-03-11 14:19:48][org.apache.http.headers]http-outgoing-0 >> Accept-Encoding: gzip,deflate  org.apache.http.impl.conn.LoggingManagedHttpClientConnection.onRequestSubmitted(LoggingManagedHttpClientConnection.java:136)
[DEBUG] [2019-03-11 14:19:48][org.apache.http.wire]http-outgoing-0 >> "POST /secapi/pay/refund HTTP/1.1[\r][\n]"  org.apache.http.impl.conn.Wire.wire(Wire.java:73)
[DEBUG] [2019-03-11 14:19:48][org.apache.http.wire]http-outgoing-0 >> "Accept: application/json[\r][\n]"  org.apache.http.impl.conn.Wire.wire(Wire.java:73)
[DEBUG] [2019-03-11 14:19:48][org.apache.http.wire]http-outgoing-0 >> "Content-Type: application/x-www-form-urlencoded;charset=UTF-8[\r][\n]"  org.apache.http.impl.conn.Wire.wire(Wire.java:73)
[DEBUG] [2019-03-11 14:19:48][org.apache.http.wire]http-outgoing-0 >> "User-Agent: Mozilla/5.0 (Windows; U; Windows NT 5.1; en-US; rv:1.7.6)[\r][\n]"  org.apache.http.impl.conn.Wire.wire(Wire.java:73)
[DEBUG] [2019-03-11 14:19:48][org.apache.http.wire]http-outgoing-0 >> "Content-Length: 335[\r][\n]"  org.apache.http.impl.conn.Wire.wire(Wire.java:73)
[DEBUG] [2019-03-11 14:19:48][org.apache.http.wire]http-outgoing-0 >> "Host: api.mch.weixin.qq.com[\r][\n]"  org.apache.http.impl.conn.Wire.wire(Wire.java:73)
[DEBUG] [2019-03-11 14:19:48][org.apache.http.wire]http-outgoing-0 >> "Connection: Keep-Alive[\r][\n]"  org.apache.http.impl.conn.Wire.wire(Wire.java:73)
[DEBUG] [2019-03-11 14:19:48][org.apache.http.wire]http-outgoing-0 >> "Accept-Encoding: gzip,deflate[\r][\n]"  org.apache.http.impl.conn.Wire.wire(Wire.java:73)
[DEBUG] [2019-03-11 14:19:48][org.apache.http.wire]http-outgoing-0 >> "[\r][\n]"  org.apache.http.impl.conn.Wire.wire(Wire.java:73)
[DEBUG] [2019-03-11 14:19:48][org.apache.http.wire]http-outgoing-0 >> "<xml><nonce_str>3kG00g7iTjwQnJsynySJhKazn3l</nonce_str><out_trade_no>b4d4bd973ab44336989c88c8c0336cda</out_trade_no><out_refund_no>sdf45fgdg45btr4543c234</out_refund_no><appid>wx0a073be92a917ed3</appid><refund_fee>100</refund_fee><total_fee>1100</total_fee><sign>2D4C006EB3D486E1A945EE4E565B7B4D</sign><mch_id>1494938712</mch_id></xml>"  org.apache.http.impl.conn.Wire.wire(Wire.java:87)
[DEBUG] [2019-03-11 14:19:48][org.apache.http.wire]http-outgoing-0 << "end of stream"  org.apache.http.impl.conn.Wire.wire(Wire.java:87)
[DEBUG] [2019-03-11 14:19:48][org.apache.http.impl.conn.DefaultManagedHttpClientConnection]http-outgoing-0: Close connection  org.apache.http.impl.conn.LoggingManagedHttpClientConnection.close(LoggingManagedHttpClientConnection.java:79)
[DEBUG] [2019-03-11 14:19:48][org.apache.http.impl.conn.DefaultManagedHttpClientConnection]http-outgoing-0: Shutdown connection  org.apache.http.impl.conn.LoggingManagedHttpClientConnection.shutdown(LoggingManagedHttpClientConnection.java:96)
[DEBUG] [2019-03-11 14:19:48][org.apache.http.impl.execchain.MainClientExec]Connection discarded  org.apache.http.impl.execchain.ConnectionHolder.abortConnection(ConnectionHolder.java:129)
[DEBUG] [2019-03-11 14:19:48][org.apache.http.impl.conn.PoolingHttpClientConnectionManager]Connection released: [id: 0][route: {s}->https://api.mch.weixin.qq.com:443][total kept alive: 0; route allocated: 0 of 2; total allocated: 0 of 20]  org.apache.http.impl.conn.PoolingHttpClientConnectionManager.releaseConnection(PoolingHttpClientConnectionManager.java:348)
[DEBUG] [2019-03-11 14:46:30][org.apache.http.client.protocol.RequestAddCookies]CookieSpec selected: default  org.apache.http.client.protocol.RequestAddCookies.process(RequestAddCookies.java:123)
[DEBUG] [2019-03-11 14:46:30][org.apache.http.client.protocol.RequestAuthCache]Auth cache not set in the context  org.apache.http.client.protocol.RequestAuthCache.process(RequestAuthCache.java:77)
[DEBUG] [2019-03-11 14:46:30][org.apache.http.impl.conn.PoolingHttpClientConnectionManager]Connection request: [route: {s}->https://api.mch.weixin.qq.com:443][total kept alive: 0; route allocated: 0 of 2; total allocated: 0 of 20]  org.apache.http.impl.conn.PoolingHttpClientConnectionManager.requestConnection(PoolingHttpClientConnectionManager.java:265)
[DEBUG] [2019-03-11 14:46:30][org.apache.http.impl.conn.PoolingHttpClientConnectionManager]Connection leased: [id: 0][route: {s}->https://api.mch.weixin.qq.com:443][total kept alive: 0; route allocated: 1 of 2; total allocated: 1 of 20]  org.apache.http.impl.conn.PoolingHttpClientConnectionManager.leaseConnection(PoolingHttpClientConnectionManager.java:309)
[DEBUG] [2019-03-11 14:46:30][org.apache.http.impl.execchain.MainClientExec]Opening connection {s}->https://api.mch.weixin.qq.com:443  org.apache.http.impl.execchain.MainClientExec.execute(MainClientExec.java:235)
[DEBUG] [2019-03-11 14:46:30][org.apache.http.impl.conn.DefaultHttpClientConnectionOperator]Connecting to api.mch.weixin.qq.com/123.126.122.46:443  org.apache.http.impl.conn.DefaultHttpClientConnectionOperator.connect(DefaultHttpClientConnectionOperator.java:139)
[DEBUG] [2019-03-11 14:46:30][org.apache.http.conn.ssl.SSLConnectionSocketFactory]Connecting socket to api.mch.weixin.qq.com/123.126.122.46:443 with timeout 0  org.apache.http.conn.ssl.SSLConnectionSocketFactory.connectSocket(SSLConnectionSocketFactory.java:337)
[DEBUG] [2019-03-11 14:46:30][org.apache.http.conn.ssl.SSLConnectionSocketFactory]Enabled protocols: [TLSv1, TLSv1.1, TLSv1.2]  org.apache.http.conn.ssl.SSLConnectionSocketFactory.createLayeredSocket(SSLConnectionSocketFactory.java:390)
[DEBUG] [2019-03-11 14:46:30][org.apache.http.conn.ssl.SSLConnectionSocketFactory]Enabled cipher suites:[TLS_ECDHE_ECDSA_WITH_AES_256_CBC_SHA384, TLS_ECDHE_RSA_WITH_AES_256_CBC_SHA384, TLS_RSA_WITH_AES_256_CBC_SHA256, TLS_ECDH_ECDSA_WITH_AES_256_CBC_SHA384, TLS_ECDH_RSA_WITH_AES_256_CBC_SHA384, TLS_DHE_RSA_WITH_AES_256_CBC_SHA256, TLS_DHE_DSS_WITH_AES_256_CBC_SHA256, TLS_ECDHE_ECDSA_WITH_AES_256_CBC_SHA, TLS_ECDHE_RSA_WITH_AES_256_CBC_SHA, TLS_RSA_WITH_AES_256_CBC_SHA, TLS_ECDH_ECDSA_WITH_AES_256_CBC_SHA, TLS_ECDH_RSA_WITH_AES_256_CBC_SHA, TLS_DHE_RSA_WITH_AES_256_CBC_SHA, TLS_DHE_DSS_WITH_AES_256_CBC_SHA, TLS_ECDHE_ECDSA_WITH_AES_128_CBC_SHA256, TLS_ECDHE_RSA_WITH_AES_128_CBC_SHA256, TLS_RSA_WITH_AES_128_CBC_SHA256, TLS_ECDH_ECDSA_WITH_AES_128_CBC_SHA256, TLS_ECDH_RSA_WITH_AES_128_CBC_SHA256, TLS_DHE_RSA_WITH_AES_128_CBC_SHA256, TLS_DHE_DSS_WITH_AES_128_CBC_SHA256, TLS_ECDHE_ECDSA_WITH_AES_128_CBC_SHA, TLS_ECDHE_RSA_WITH_AES_128_CBC_SHA, TLS_RSA_WITH_AES_128_CBC_SHA, TLS_ECDH_ECDSA_WITH_AES_128_CBC_SHA, TLS_ECDH_RSA_WITH_AES_128_CBC_SHA, TLS_DHE_RSA_WITH_AES_128_CBC_SHA, TLS_DHE_DSS_WITH_AES_128_CBC_SHA, TLS_ECDHE_ECDSA_WITH_AES_256_GCM_SHA384, TLS_ECDHE_ECDSA_WITH_AES_128_GCM_SHA256, TLS_ECDHE_RSA_WITH_AES_256_GCM_SHA384, TLS_RSA_WITH_AES_256_GCM_SHA384, TLS_ECDH_ECDSA_WITH_AES_256_GCM_SHA384, TLS_ECDH_RSA_WITH_AES_256_GCM_SHA384, TLS_DHE_RSA_WITH_AES_256_GCM_SHA384, TLS_DHE_DSS_WITH_AES_256_GCM_SHA384, TLS_ECDHE_RSA_WITH_AES_128_GCM_SHA256, TLS_RSA_WITH_AES_128_GCM_SHA256, TLS_ECDH_ECDSA_WITH_AES_128_GCM_SHA256, TLS_ECDH_RSA_WITH_AES_128_GCM_SHA256, TLS_DHE_RSA_WITH_AES_128_GCM_SHA256, TLS_DHE_DSS_WITH_AES_128_GCM_SHA256, TLS_EMPTY_RENEGOTIATION_INFO_SCSV]  org.apache.http.conn.ssl.SSLConnectionSocketFactory.createLayeredSocket(SSLConnectionSocketFactory.java:391)
[DEBUG] [2019-03-11 14:46:30][org.apache.http.conn.ssl.SSLConnectionSocketFactory]Starting handshake  org.apache.http.conn.ssl.SSLConnectionSocketFactory.createLayeredSocket(SSLConnectionSocketFactory.java:395)
[DEBUG] [2019-03-11 14:46:30][org.apache.http.conn.ssl.SSLConnectionSocketFactory]Secure session established  org.apache.http.conn.ssl.SSLConnectionSocketFactory.verifyHostname(SSLConnectionSocketFactory.java:425)
[DEBUG] [2019-03-11 14:46:30][org.apache.http.conn.ssl.SSLConnectionSocketFactory] negotiated protocol: TLSv1.2  org.apache.http.conn.ssl.SSLConnectionSocketFactory.verifyHostname(SSLConnectionSocketFactory.java:426)
[DEBUG] [2019-03-11 14:46:30][org.apache.http.conn.ssl.SSLConnectionSocketFactory] negotiated cipher suite: TLS_ECDHE_RSA_WITH_AES_256_GCM_SHA384  org.apache.http.conn.ssl.SSLConnectionSocketFactory.verifyHostname(SSLConnectionSocketFactory.java:427)
[DEBUG] [2019-03-11 14:46:30][org.apache.http.conn.ssl.SSLConnectionSocketFactory] peer principal: CN=payapp.weixin.qq.com, OU=R&D, O=Tencent Technology (Shenzhen) Company Limited, L=Shenzhen, ST=Guangdong, C=CN  org.apache.http.conn.ssl.SSLConnectionSocketFactory.verifyHostname(SSLConnectionSocketFactory.java:435)
[DEBUG] [2019-03-11 14:46:30][org.apache.http.conn.ssl.SSLConnectionSocketFactory] peer alternative names: [payapp.weixin.qq.com, api.oz.weixin.qq.com, wx.gtimg.com, log.weixin.qq.com, api.pay.weixin.qq.com, api2.mch.weixin.qq.com, fraudhk.mch.weixin.qq.com, za.pay.wechat.com, fraudus.mch.weixin.qq.com, act.weixin.qq.com, fraud.mch.weixin.qq.com, apihk.mch.weixin.qq.com, mch.weixin.qq.com, api.mch.weixin.qq.com, apius.mch.weixin.qq.com, oz.weixin.qq.com, pay.weops.qq.com, action.weixin.qq.com, apitest.mch.weixin.qq.com, pay.weixin.qq.com]  org.apache.http.conn.ssl.SSLConnectionSocketFactory.verifyHostname(SSLConnectionSocketFactory.java:444)
[DEBUG] [2019-03-11 14:46:30][org.apache.http.conn.ssl.SSLConnectionSocketFactory] issuer principal: CN=GeoTrust RSA CA 2018, OU=www.digicert.com, O=DigiCert Inc, C=US  org.apache.http.conn.ssl.SSLConnectionSocketFactory.verifyHostname(SSLConnectionSocketFactory.java:448)
[DEBUG] [2019-03-11 14:46:30][org.apache.http.impl.conn.DefaultHttpClientConnectionOperator]Connection established 192.168.124.8:49719<->123.126.122.46:443  org.apache.http.impl.conn.DefaultHttpClientConnectionOperator.connect(DefaultHttpClientConnectionOperator.java:146)
[DEBUG] [2019-03-11 14:46:30][org.apache.http.impl.execchain.MainClientExec]Executing request POST /secapi/pay/refund HTTP/1.1  org.apache.http.impl.execchain.MainClientExec.execute(MainClientExec.java:256)
[DEBUG] [2019-03-11 14:46:30][org.apache.http.impl.execchain.MainClientExec]Target auth state: UNCHALLENGED  org.apache.http.impl.execchain.MainClientExec.execute(MainClientExec.java:261)
[DEBUG] [2019-03-11 14:46:30][org.apache.http.impl.execchain.MainClientExec]Proxy auth state: UNCHALLENGED  org.apache.http.impl.execchain.MainClientExec.execute(MainClientExec.java:267)
[DEBUG] [2019-03-11 14:46:30][org.apache.http.headers]http-outgoing-0 >> POST /secapi/pay/refund HTTP/1.1  org.apache.http.impl.conn.LoggingManagedHttpClientConnection.onRequestSubmitted(LoggingManagedHttpClientConnection.java:133)
[DEBUG] [2019-03-11 14:46:30][org.apache.http.headers]http-outgoing-0 >> Accept: application/json  org.apache.http.impl.conn.LoggingManagedHttpClientConnection.onRequestSubmitted(LoggingManagedHttpClientConnection.java:136)
[DEBUG] [2019-03-11 14:46:30][org.apache.http.headers]http-outgoing-0 >> Content-Type: application/x-www-form-urlencoded;charset=UTF-8  org.apache.http.impl.conn.LoggingManagedHttpClientConnection.onRequestSubmitted(LoggingManagedHttpClientConnection.java:136)
[DEBUG] [2019-03-11 14:46:30][org.apache.http.headers]http-outgoing-0 >> User-Agent: Mozilla/5.0 (Windows; U; Windows NT 5.1; en-US; rv:1.7.6)  org.apache.http.impl.conn.LoggingManagedHttpClientConnection.onRequestSubmitted(LoggingManagedHttpClientConnection.java:136)
[DEBUG] [2019-03-11 14:46:30][org.apache.http.headers]http-outgoing-0 >> Content-Length: 335  org.apache.http.impl.conn.LoggingManagedHttpClientConnection.onRequestSubmitted(LoggingManagedHttpClientConnection.java:136)
[DEBUG] [2019-03-11 14:46:30][org.apache.http.headers]http-outgoing-0 >> Host: api.mch.weixin.qq.com  org.apache.http.impl.conn.LoggingManagedHttpClientConnection.onRequestSubmitted(LoggingManagedHttpClientConnection.java:136)
[DEBUG] [2019-03-11 14:46:30][org.apache.http.headers]http-outgoing-0 >> Connection: Keep-Alive  org.apache.http.impl.conn.LoggingManagedHttpClientConnection.onRequestSubmitted(LoggingManagedHttpClientConnection.java:136)
[DEBUG] [2019-03-11 14:46:30][org.apache.http.headers]http-outgoing-0 >> Accept-Encoding: gzip,deflate  org.apache.http.impl.conn.LoggingManagedHttpClientConnection.onRequestSubmitted(LoggingManagedHttpClientConnection.java:136)
[DEBUG] [2019-03-11 14:46:30][org.apache.http.wire]http-outgoing-0 >> "POST /secapi/pay/refund HTTP/1.1[\r][\n]"  org.apache.http.impl.conn.Wire.wire(Wire.java:73)
[DEBUG] [2019-03-11 14:46:30][org.apache.http.wire]http-outgoing-0 >> "Accept: application/json[\r][\n]"  org.apache.http.impl.conn.Wire.wire(Wire.java:73)
[DEBUG] [2019-03-11 14:46:30][org.apache.http.wire]http-outgoing-0 >> "Content-Type: application/x-www-form-urlencoded;charset=UTF-8[\r][\n]"  org.apache.http.impl.conn.Wire.wire(Wire.java:73)
[DEBUG] [2019-03-11 14:46:30][org.apache.http.wire]http-outgoing-0 >> "User-Agent: Mozilla/5.0 (Windows; U; Windows NT 5.1; en-US; rv:1.7.6)[\r][\n]"  org.apache.http.impl.conn.Wire.wire(Wire.java:73)
[DEBUG] [2019-03-11 14:46:30][org.apache.http.wire]http-outgoing-0 >> "Content-Length: 335[\r][\n]"  org.apache.http.impl.conn.Wire.wire(Wire.java:73)
[DEBUG] [2019-03-11 14:46:30][org.apache.http.wire]http-outgoing-0 >> "Host: api.mch.weixin.qq.com[\r][\n]"  org.apache.http.impl.conn.Wire.wire(Wire.java:73)
[DEBUG] [2019-03-11 14:46:30][org.apache.http.wire]http-outgoing-0 >> "Connection: Keep-Alive[\r][\n]"  org.apache.http.impl.conn.Wire.wire(Wire.java:73)
[DEBUG] [2019-03-11 14:46:30][org.apache.http.wire]http-outgoing-0 >> "Accept-Encoding: gzip,deflate[\r][\n]"  org.apache.http.impl.conn.Wire.wire(Wire.java:73)
[DEBUG] [2019-03-11 14:46:30][org.apache.http.wire]http-outgoing-0 >> "[\r][\n]"  org.apache.http.impl.conn.Wire.wire(Wire.java:73)
[DEBUG] [2019-03-11 14:46:30][org.apache.http.wire]http-outgoing-0 >> "<xml><nonce_str>3kG00g7iTjwQnJsynySJhKazn3l</nonce_str><out_trade_no>b4d4bd973ab44336989c88c8c0336cda</out_trade_no><out_refund_no>sdf45fgdg45btr4543c234</out_refund_no><appid>wx0a073be92a917ed3</appid><refund_fee>100</refund_fee><total_fee>1100</total_fee><sign>2D4C006EB3D486E1A945EE4E565B7B4D</sign><mch_id>1494938712</mch_id></xml>"  org.apache.http.impl.conn.Wire.wire(Wire.java:87)
[DEBUG] [2019-03-11 14:46:30][org.apache.http.wire]http-outgoing-0 << "end of stream"  org.apache.http.impl.conn.Wire.wire(Wire.java:87)
[DEBUG] [2019-03-11 14:46:30][org.apache.http.impl.conn.DefaultManagedHttpClientConnection]http-outgoing-0: Close connection  org.apache.http.impl.conn.LoggingManagedHttpClientConnection.close(LoggingManagedHttpClientConnection.java:79)
[DEBUG] [2019-03-11 14:46:30][org.apache.http.impl.conn.DefaultManagedHttpClientConnection]http-outgoing-0: Shutdown connection  org.apache.http.impl.conn.LoggingManagedHttpClientConnection.shutdown(LoggingManagedHttpClientConnection.java:96)
[DEBUG] [2019-03-11 14:46:30][org.apache.http.impl.execchain.MainClientExec]Connection discarded  org.apache.http.impl.execchain.ConnectionHolder.abortConnection(ConnectionHolder.java:129)
[DEBUG] [2019-03-11 14:46:30][org.apache.http.impl.conn.PoolingHttpClientConnectionManager]Connection released: [id: 0][route: {s}->https://api.mch.weixin.qq.com:443][total kept alive: 0; route allocated: 0 of 2; total allocated: 0 of 20]  org.apache.http.impl.conn.PoolingHttpClientConnectionManager.releaseConnection(PoolingHttpClientConnectionManager.java:348)
[DEBUG] [2019-03-11 15:31:45][org.apache.http.client.protocol.RequestAddCookies]CookieSpec selected: default  org.apache.http.client.protocol.RequestAddCookies.process(RequestAddCookies.java:123)
[DEBUG] [2019-03-11 15:31:45][org.apache.http.client.protocol.RequestAuthCache]Auth cache not set in the context  org.apache.http.client.protocol.RequestAuthCache.process(RequestAuthCache.java:77)
[DEBUG] [2019-03-11 15:31:45][org.apache.http.impl.conn.PoolingHttpClientConnectionManager]Connection request: [route: {s}->https://api.mch.weixin.qq.com:443][total kept alive: 0; route allocated: 0 of 2; total allocated: 0 of 20]  org.apache.http.impl.conn.PoolingHttpClientConnectionManager.requestConnection(PoolingHttpClientConnectionManager.java:265)
[DEBUG] [2019-03-11 15:31:45][org.apache.http.impl.conn.PoolingHttpClientConnectionManager]Connection leased: [id: 0][route: {s}->https://api.mch.weixin.qq.com:443][total kept alive: 0; route allocated: 1 of 2; total allocated: 1 of 20]  org.apache.http.impl.conn.PoolingHttpClientConnectionManager.leaseConnection(PoolingHttpClientConnectionManager.java:309)
[DEBUG] [2019-03-11 15:31:45][org.apache.http.impl.execchain.MainClientExec]Opening connection {s}->https://api.mch.weixin.qq.com:443  org.apache.http.impl.execchain.MainClientExec.execute(MainClientExec.java:235)
[DEBUG] [2019-03-11 15:31:45][org.apache.http.impl.conn.DefaultHttpClientConnectionOperator]Connecting to api.mch.weixin.qq.com/123.126.122.46:443  org.apache.http.impl.conn.DefaultHttpClientConnectionOperator.connect(DefaultHttpClientConnectionOperator.java:139)
[DEBUG] [2019-03-11 15:31:45][org.apache.http.conn.ssl.SSLConnectionSocketFactory]Connecting socket to api.mch.weixin.qq.com/123.126.122.46:443 with timeout 0  org.apache.http.conn.ssl.SSLConnectionSocketFactory.connectSocket(SSLConnectionSocketFactory.java:337)
[DEBUG] [2019-03-11 15:31:45][org.apache.http.conn.ssl.SSLConnectionSocketFactory]Enabled protocols: [TLSv1, TLSv1.1, TLSv1.2]  org.apache.http.conn.ssl.SSLConnectionSocketFactory.createLayeredSocket(SSLConnectionSocketFactory.java:390)
[DEBUG] [2019-03-11 15:31:45][org.apache.http.conn.ssl.SSLConnectionSocketFactory]Enabled cipher suites:[TLS_ECDHE_ECDSA_WITH_AES_256_CBC_SHA384, TLS_ECDHE_RSA_WITH_AES_256_CBC_SHA384, TLS_RSA_WITH_AES_256_CBC_SHA256, TLS_ECDH_ECDSA_WITH_AES_256_CBC_SHA384, TLS_ECDH_RSA_WITH_AES_256_CBC_SHA384, TLS_DHE_RSA_WITH_AES_256_CBC_SHA256, TLS_DHE_DSS_WITH_AES_256_CBC_SHA256, TLS_ECDHE_ECDSA_WITH_AES_256_CBC_SHA, TLS_ECDHE_RSA_WITH_AES_256_CBC_SHA, TLS_RSA_WITH_AES_256_CBC_SHA, TLS_ECDH_ECDSA_WITH_AES_256_CBC_SHA, TLS_ECDH_RSA_WITH_AES_256_CBC_SHA, TLS_DHE_RSA_WITH_AES_256_CBC_SHA, TLS_DHE_DSS_WITH_AES_256_CBC_SHA, TLS_ECDHE_ECDSA_WITH_AES_128_CBC_SHA256, TLS_ECDHE_RSA_WITH_AES_128_CBC_SHA256, TLS_RSA_WITH_AES_128_CBC_SHA256, TLS_ECDH_ECDSA_WITH_AES_128_CBC_SHA256, TLS_ECDH_RSA_WITH_AES_128_CBC_SHA256, TLS_DHE_RSA_WITH_AES_128_CBC_SHA256, TLS_DHE_DSS_WITH_AES_128_CBC_SHA256, TLS_ECDHE_ECDSA_WITH_AES_128_CBC_SHA, TLS_ECDHE_RSA_WITH_AES_128_CBC_SHA, TLS_RSA_WITH_AES_128_CBC_SHA, TLS_ECDH_ECDSA_WITH_AES_128_CBC_SHA, TLS_ECDH_RSA_WITH_AES_128_CBC_SHA, TLS_DHE_RSA_WITH_AES_128_CBC_SHA, TLS_DHE_DSS_WITH_AES_128_CBC_SHA, TLS_ECDHE_ECDSA_WITH_AES_256_GCM_SHA384, TLS_ECDHE_ECDSA_WITH_AES_128_GCM_SHA256, TLS_ECDHE_RSA_WITH_AES_256_GCM_SHA384, TLS_RSA_WITH_AES_256_GCM_SHA384, TLS_ECDH_ECDSA_WITH_AES_256_GCM_SHA384, TLS_ECDH_RSA_WITH_AES_256_GCM_SHA384, TLS_DHE_RSA_WITH_AES_256_GCM_SHA384, TLS_DHE_DSS_WITH_AES_256_GCM_SHA384, TLS_ECDHE_RSA_WITH_AES_128_GCM_SHA256, TLS_RSA_WITH_AES_128_GCM_SHA256, TLS_ECDH_ECDSA_WITH_AES_128_GCM_SHA256, TLS_ECDH_RSA_WITH_AES_128_GCM_SHA256, TLS_DHE_RSA_WITH_AES_128_GCM_SHA256, TLS_DHE_DSS_WITH_AES_128_GCM_SHA256, TLS_EMPTY_RENEGOTIATION_INFO_SCSV]  org.apache.http.conn.ssl.SSLConnectionSocketFactory.createLayeredSocket(SSLConnectionSocketFactory.java:391)
[DEBUG] [2019-03-11 15:31:45][org.apache.http.conn.ssl.SSLConnectionSocketFactory]Starting handshake  org.apache.http.conn.ssl.SSLConnectionSocketFactory.createLayeredSocket(SSLConnectionSocketFactory.java:395)
[DEBUG] [2019-03-11 15:31:45][org.apache.http.conn.ssl.SSLConnectionSocketFactory]Secure session established  org.apache.http.conn.ssl.SSLConnectionSocketFactory.verifyHostname(SSLConnectionSocketFactory.java:425)
[DEBUG] [2019-03-11 15:31:45][org.apache.http.conn.ssl.SSLConnectionSocketFactory] negotiated protocol: TLSv1.2  org.apache.http.conn.ssl.SSLConnectionSocketFactory.verifyHostname(SSLConnectionSocketFactory.java:426)
[DEBUG] [2019-03-11 15:31:45][org.apache.http.conn.ssl.SSLConnectionSocketFactory] negotiated cipher suite: TLS_ECDHE_RSA_WITH_AES_256_GCM_SHA384  org.apache.http.conn.ssl.SSLConnectionSocketFactory.verifyHostname(SSLConnectionSocketFactory.java:427)
[DEBUG] [2019-03-11 15:31:45][org.apache.http.conn.ssl.SSLConnectionSocketFactory] peer principal: CN=payapp.weixin.qq.com, OU=R&D, O=Tencent Technology (Shenzhen) Company Limited, L=Shenzhen, ST=Guangdong, C=CN  org.apache.http.conn.ssl.SSLConnectionSocketFactory.verifyHostname(SSLConnectionSocketFactory.java:435)
[DEBUG] [2019-03-11 15:31:45][org.apache.http.conn.ssl.SSLConnectionSocketFactory] peer alternative names: [payapp.weixin.qq.com, api.oz.weixin.qq.com, wx.gtimg.com, log.weixin.qq.com, api.pay.weixin.qq.com, api2.mch.weixin.qq.com, fraudhk.mch.weixin.qq.com, za.pay.wechat.com, fraudus.mch.weixin.qq.com, act.weixin.qq.com, fraud.mch.weixin.qq.com, apihk.mch.weixin.qq.com, mch.weixin.qq.com, api.mch.weixin.qq.com, apius.mch.weixin.qq.com, oz.weixin.qq.com, pay.weops.qq.com, action.weixin.qq.com, apitest.mch.weixin.qq.com, pay.weixin.qq.com]  org.apache.http.conn.ssl.SSLConnectionSocketFactory.verifyHostname(SSLConnectionSocketFactory.java:444)
[DEBUG] [2019-03-11 15:31:45][org.apache.http.conn.ssl.SSLConnectionSocketFactory] issuer principal: CN=GeoTrust RSA CA 2018, OU=www.digicert.com, O=DigiCert Inc, C=US  org.apache.http.conn.ssl.SSLConnectionSocketFactory.verifyHostname(SSLConnectionSocketFactory.java:448)
[DEBUG] [2019-03-11 15:31:45][org.apache.http.impl.conn.DefaultHttpClientConnectionOperator]Connection established 192.168.124.8:60627<->123.126.122.46:443  org.apache.http.impl.conn.DefaultHttpClientConnectionOperator.connect(DefaultHttpClientConnectionOperator.java:146)
[DEBUG] [2019-03-11 15:31:45][org.apache.http.impl.execchain.MainClientExec]Executing request POST /secapi/pay/refund HTTP/1.1  org.apache.http.impl.execchain.MainClientExec.execute(MainClientExec.java:256)
[DEBUG] [2019-03-11 15:31:45][org.apache.http.impl.execchain.MainClientExec]Target auth state: UNCHALLENGED  org.apache.http.impl.execchain.MainClientExec.execute(MainClientExec.java:261)
[DEBUG] [2019-03-11 15:31:45][org.apache.http.impl.execchain.MainClientExec]Proxy auth state: UNCHALLENGED  org.apache.http.impl.execchain.MainClientExec.execute(MainClientExec.java:267)
[DEBUG] [2019-03-11 15:31:45][org.apache.http.headers]http-outgoing-0 >> POST /secapi/pay/refund HTTP/1.1  org.apache.http.impl.conn.LoggingManagedHttpClientConnection.onRequestSubmitted(LoggingManagedHttpClientConnection.java:133)
[DEBUG] [2019-03-11 15:31:45][org.apache.http.headers]http-outgoing-0 >> Accept: application/json  org.apache.http.impl.conn.LoggingManagedHttpClientConnection.onRequestSubmitted(LoggingManagedHttpClientConnection.java:136)
[DEBUG] [2019-03-11 15:31:45][org.apache.http.headers]http-outgoing-0 >> Content-Type: application/x-www-form-urlencoded;charset=UTF-8  org.apache.http.impl.conn.LoggingManagedHttpClientConnection.onRequestSubmitted(LoggingManagedHttpClientConnection.java:136)
[DEBUG] [2019-03-11 15:31:45][org.apache.http.headers]http-outgoing-0 >> User-Agent: Mozilla/5.0 (Windows; U; Windows NT 5.1; en-US; rv:1.7.6)  org.apache.http.impl.conn.LoggingManagedHttpClientConnection.onRequestSubmitted(LoggingManagedHttpClientConnection.java:136)
[DEBUG] [2019-03-11 15:31:45][org.apache.http.headers]http-outgoing-0 >> Content-Length: 335  org.apache.http.impl.conn.LoggingManagedHttpClientConnection.onRequestSubmitted(LoggingManagedHttpClientConnection.java:136)
[DEBUG] [2019-03-11 15:31:45][org.apache.http.headers]http-outgoing-0 >> Host: api.mch.weixin.qq.com  org.apache.http.impl.conn.LoggingManagedHttpClientConnection.onRequestSubmitted(LoggingManagedHttpClientConnection.java:136)
[DEBUG] [2019-03-11 15:31:45][org.apache.http.headers]http-outgoing-0 >> Connection: Keep-Alive  org.apache.http.impl.conn.LoggingManagedHttpClientConnection.onRequestSubmitted(LoggingManagedHttpClientConnection.java:136)
[DEBUG] [2019-03-11 15:31:45][org.apache.http.headers]http-outgoing-0 >> Accept-Encoding: gzip,deflate  org.apache.http.impl.conn.LoggingManagedHttpClientConnection.onRequestSubmitted(LoggingManagedHttpClientConnection.java:136)
[DEBUG] [2019-03-11 15:31:45][org.apache.http.wire]http-outgoing-0 >> "POST /secapi/pay/refund HTTP/1.1[\r][\n]"  org.apache.http.impl.conn.Wire.wire(Wire.java:73)
[DEBUG] [2019-03-11 15:31:45][org.apache.http.wire]http-outgoing-0 >> "Accept: application/json[\r][\n]"  org.apache.http.impl.conn.Wire.wire(Wire.java:73)
[DEBUG] [2019-03-11 15:31:45][org.apache.http.wire]http-outgoing-0 >> "Content-Type: application/x-www-form-urlencoded;charset=UTF-8[\r][\n]"  org.apache.http.impl.conn.Wire.wire(Wire.java:73)
[DEBUG] [2019-03-11 15:31:45][org.apache.http.wire]http-outgoing-0 >> "User-Agent: Mozilla/5.0 (Windows; U; Windows NT 5.1; en-US; rv:1.7.6)[\r][\n]"  org.apache.http.impl.conn.Wire.wire(Wire.java:73)
[DEBUG] [2019-03-11 15:31:45][org.apache.http.wire]http-outgoing-0 >> "Content-Length: 335[\r][\n]"  org.apache.http.impl.conn.Wire.wire(Wire.java:73)
[DEBUG] [2019-03-11 15:31:45][org.apache.http.wire]http-outgoing-0 >> "Host: api.mch.weixin.qq.com[\r][\n]"  org.apache.http.impl.conn.Wire.wire(Wire.java:73)
[DEBUG] [2019-03-11 15:31:45][org.apache.http.wire]http-outgoing-0 >> "Connection: Keep-Alive[\r][\n]"  org.apache.http.impl.conn.Wire.wire(Wire.java:73)
[DEBUG] [2019-03-11 15:31:45][org.apache.http.wire]http-outgoing-0 >> "Accept-Encoding: gzip,deflate[\r][\n]"  org.apache.http.impl.conn.Wire.wire(Wire.java:73)
[DEBUG] [2019-03-11 15:31:45][org.apache.http.wire]http-outgoing-0 >> "[\r][\n]"  org.apache.http.impl.conn.Wire.wire(Wire.java:73)
[DEBUG] [2019-03-11 15:31:45][org.apache.http.wire]http-outgoing-0 >> "<xml><nonce_str>3kG00g7iTjwQnJsynySJhKazn3l</nonce_str><out_trade_no>b4d4bd973ab44336989c88c8c0336cda</out_trade_no><out_refund_no>sdf45fgdg45btr4543c234</out_refund_no><appid>wx0a073be92a917ed3</appid><refund_fee>100</refund_fee><total_fee>1100</total_fee><sign>2D4C006EB3D486E1A945EE4E565B7B4D</sign><mch_id>1494938712</mch_id></xml>"  org.apache.http.impl.conn.Wire.wire(Wire.java:87)
[DEBUG] [2019-03-11 15:31:45][org.apache.http.wire]http-outgoing-0 << "end of stream"  org.apache.http.impl.conn.Wire.wire(Wire.java:87)
[DEBUG] [2019-03-11 15:31:45][org.apache.http.impl.conn.DefaultManagedHttpClientConnection]http-outgoing-0: Close connection  org.apache.http.impl.conn.LoggingManagedHttpClientConnection.close(LoggingManagedHttpClientConnection.java:79)
[DEBUG] [2019-03-11 15:31:45][org.apache.http.impl.conn.DefaultManagedHttpClientConnection]http-outgoing-0: Shutdown connection  org.apache.http.impl.conn.LoggingManagedHttpClientConnection.shutdown(LoggingManagedHttpClientConnection.java:96)
[DEBUG] [2019-03-11 15:31:45][org.apache.http.impl.execchain.MainClientExec]Connection discarded  org.apache.http.impl.execchain.ConnectionHolder.abortConnection(ConnectionHolder.java:129)
[DEBUG] [2019-03-11 15:31:45][org.apache.http.impl.conn.PoolingHttpClientConnectionManager]Connection released: [id: 0][route: {s}->https://api.mch.weixin.qq.com:443][total kept alive: 0; route allocated: 0 of 2; total allocated: 0 of 20]  org.apache.http.impl.conn.PoolingHttpClientConnectionManager.releaseConnection(PoolingHttpClientConnectionManager.java:348)
